========== 平坦化查询索引 (虚拟行模式) ==========
PIR数据库: 按子桶为行, 总行数 = 1152
每行大小: 35 slots
主桶数量: 384

主桶[0]: (虚拟行0, slot=30) -> 30  (虚拟行1, slot=5) -> 40  (虚拟行2, slot=6) -> 76  
主桶[1]: (虚拟行3, slot=33) -> 138  (虚拟行4, slot=9) -> 149  (虚拟行5, slot=32) -> 207  
主桶[2]: (虚拟行6, slot=22) -> 232  (虚拟行7, slot=10) -> 255  (虚拟行8, slot=21) -> 301  
主桶[3]: (虚拟行9, slot=0) -> 315  (虚拟行10, slot=5) -> 355  (虚拟行11, slot=8) -> 393  
主桶[4]: (虚拟行12, slot=5) -> 425  (虚拟行13, slot=5) -> 460  (虚拟行14, slot=14) -> 504  
主桶[5]: (虚拟行15, slot=21) -> 546  (虚拟行16, slot=17) -> 577  (虚拟行17, slot=5) -> 600  
主桶[6]: (虚拟行18, slot=27) -> 657  (虚拟行19, slot=10) -> 675  (虚拟行20, slot=16) -> 716  
主桶[7]: (虚拟行21, slot=0) -> 735  (虚拟行22, slot=10) -> 780  (虚拟行23, slot=34) -> 839  
主桶[8]: (虚拟行24, slot=1) -> 841  (虚拟行25, slot=13) -> 888  (虚拟行26, slot=18) -> 928  
主桶[9]: (虚拟行27, slot=30) -> 975  (虚拟行28, slot=16) -> 996  (虚拟行29, slot=30) -> 1045  
主桶[10]: (虚拟行30, slot=9) -> 1059  (虚拟行31, slot=8) -> 1093  (虚拟行32, slot=14) -> 1134  
主桶[11]: (虚拟行33, slot=12) -> 1167  (虚拟行34, slot=19) -> 1209  (虚拟行35, slot=21) -> 1246  
主桶[12]: (虚拟行36, slot=25) -> 1285  (虚拟行37, slot=11) -> 1306  (虚拟行38, slot=7) -> 1337  
主桶[13]: (虚拟行39, slot=24) -> 1389  (虚拟行40, slot=30) -> 1430  (虚拟行41, slot=27) -> 1462  
主桶[14]: (虚拟行42, slot=32) -> 1502  (虚拟行43, slot=4) -> 1509  (虚拟行44, slot=15) -> 1555  
主桶[15]: (虚拟行45, slot=6) -> 1581  (虚拟行46, slot=7) -> 1617  (虚拟行47, slot=1) -> 1646  
主桶[16]: (虚拟行48, slot=0) -> 1680  (虚拟行49, slot=33) -> 1748  (虚拟行50, slot=14) -> 1764  
主桶[17]: (虚拟行51, slot=9) -> 1794  (虚拟行52, slot=27) -> 1847  (虚拟行53, slot=12) -> 1867  
主桶[18]: (虚拟行54, slot=29) -> 1919  (虚拟行55, slot=32) -> 1957  (虚拟行56, slot=16) -> 1976  
主桶[19]: (虚拟行57, slot=33) -> 2028  (虚拟行58, slot=1) -> 2031  (虚拟行59, slot=21) -> 2086  
主桶[20]: (虚拟行60, slot=26) -> 2126  (虚拟行61, slot=25) -> 2160  (虚拟行62, slot=24) -> 2194  
主桶[21]: (虚拟行63, slot=33) -> 2238  (虚拟行64, slot=10) -> 2250  (虚拟行65, slot=6) -> 2281  
主桶[22]: (虚拟行66, slot=1) -> 2311  (虚拟行67, slot=16) -> 2361  (虚拟行68, slot=10) -> 2390  
主桶[23]: (虚拟行69, slot=16) -> 2431  (虚拟行70, slot=28) -> 2478  (虚拟行71, slot=29) -> 2514  
主桶[24]: (虚拟行72, slot=12) -> 2532  (虚拟行73, slot=19) -> 2574  (虚拟行74, slot=33) -> 2623  
主桶[25]: (虚拟行75, slot=29) -> 2654  (虚拟行76, slot=26) -> 2686  (虚拟行77, slot=30) -> 2725  
主桶[26]: (虚拟行78, slot=34) -> 2764  (虚拟行79, slot=26) -> 2791  (虚拟行80, slot=12) -> 2812  
主桶[27]: (虚拟行81, slot=10) -> 2845  (虚拟行82, slot=10) -> 2880  (虚拟行83, slot=16) -> 2921  
主桶[28]: (虚拟行84, slot=15) -> 2955  (虚拟行85, slot=15) -> 2990  (虚拟行86, slot=29) -> 3039  
主桶[29]: (虚拟行87, slot=5) -> 3050  (虚拟行88, slot=34) -> 3114  (虚拟行89, slot=26) -> 3141  
主桶[30]: (虚拟行90, slot=7) -> 3157  (虚拟行91, slot=32) -> 3217  (虚拟行92, slot=31) -> 3251  
主桶[31]: (虚拟行93, slot=2) -> 3257  (虚拟行94, slot=13) -> 3303  (虚拟行95, slot=2) -> 3327  
主桶[32]: (虚拟行96, slot=28) -> 3388  (虚拟行97, slot=6) -> 3401  (虚拟行98, slot=8) -> 3438  
主桶[33]: (虚拟行99, slot=11) -> 3476  (虚拟行100, slot=2) -> 3502  (虚拟行101, slot=30) -> 3565  
主桶[34]: (虚拟行102, slot=5) -> 3575  (虚拟行103, slot=3) -> 3608  (虚拟行104, slot=26) -> 3666  
主桶[35]: (虚拟行105, slot=8) -> 3683  (虚拟行106, slot=4) -> 3714  (虚拟行107, slot=8) -> 3753  
主桶[36]: (虚拟行108, slot=17) -> 3797  (虚拟行109, slot=24) -> 3839  (虚拟行110, slot=34) -> 3884  
主桶[37]: (虚拟行111, slot=12) -> 3897  (虚拟行112, slot=31) -> 3951  (虚拟行113, slot=20) -> 3975  
主桶[38]: (虚拟行114, slot=21) -> 4011  (虚拟行115, slot=6) -> 4031  (虚拟行116, slot=9) -> 4069  
主桶[39]: (虚拟行117, slot=12) -> 4107  (虚拟行118, slot=7) -> 4137  (虚拟行119, slot=17) -> 4182  
主桶[40]: (虚拟行120, slot=25) -> 4225  (虚拟行121, slot=9) -> 4244  (虚拟行122, slot=3) -> 4273  
主桶[41]: (虚拟行123, slot=18) -> 4323  (虚拟行124, slot=8) -> 4348  (虚拟行125, slot=6) -> 4381  
主桶[42]: (虚拟行126, slot=33) -> 4443  (虚拟行127, slot=11) -> 4456  (虚拟行128, slot=30) -> 4510  
主桶[43]: (虚拟行129, slot=20) -> 4535  (虚拟行130, slot=29) -> 4579  (虚拟行131, slot=32) -> 4617  
主桶[44]: (虚拟行132, slot=31) -> 4651  (虚拟行133, slot=34) -> 4689  (虚拟行134, slot=16) -> 4706  
主桶[45]: (虚拟行135, slot=10) -> 4735  (虚拟行136, slot=9) -> 4769  (虚拟行137, slot=8) -> 4803  
主桶[46]: (虚拟行138, slot=9) -> 4839  (虚拟行139, slot=32) -> 4897  (虚拟行140, slot=31) -> 4931  
主桶[47]: (虚拟行141, slot=23) -> 4958  (虚拟行142, slot=5) -> 4975  (虚拟行143, slot=10) -> 5015  
主桶[48]: (虚拟行144, slot=9) -> 5049  (虚拟行145, slot=28) -> 5103  (虚拟行146, slot=18) -> 5128  
主桶[49]: (虚拟行147, slot=20) -> 5165  (虚拟行148, slot=32) -> 5212  (虚拟行149, slot=4) -> 5219  
主桶[50]: (虚拟行150, slot=9) -> 5259  (虚拟行151, slot=14) -> 5299  (虚拟行152, slot=23) -> 5343  
主桶[51]: (虚拟行153, slot=1) -> 5356  (虚拟行154, slot=23) -> 5413  (虚拟行155, slot=14) -> 5439  
主桶[52]: (虚拟行156, slot=17) -> 5477  (虚拟行157, slot=24) -> 5519  (虚拟行158, slot=2) -> 5532  
主桶[53]: (虚拟行159, slot=32) -> 5597  (虚拟行160, slot=18) -> 5618  (虚拟行161, slot=17) -> 5652  
主桶[54]: (虚拟行162, slot=8) -> 5678  (虚拟行163, slot=4) -> 5709  (虚拟行164, slot=24) -> 5764  
主桶[55]: (虚拟行165, slot=1) -> 5776  (虚拟行166, slot=21) -> 5831  (虚拟行167, slot=8) -> 5853  
主桶[56]: (虚拟行168, slot=5) -> 5885  (虚拟行169, slot=7) -> 5922  (虚拟行170, slot=28) -> 5978  
主桶[57]: (虚拟行171, slot=28) -> 6013  (虚拟行172, slot=31) -> 6051  (虚拟行173, slot=20) -> 6075  
主桶[58]: (虚拟行174, slot=22) -> 6112  (虚拟行175, slot=34) -> 6159  (虚拟行176, slot=30) -> 6190  
主桶[59]: (虚拟行177, slot=28) -> 6223  (虚拟行178, slot=27) -> 6257  (虚拟行179, slot=0) -> 6265  
主桶[60]: (虚拟行180, slot=31) -> 6331  (虚拟行181, slot=13) -> 6348  (虚拟行182, slot=10) -> 6380  
主桶[61]: (虚拟行183, slot=29) -> 6434  (虚拟行184, slot=8) -> 6448  (虚拟行185, slot=15) -> 6490  
主桶[62]: (虚拟行186, slot=23) -> 6533  (虚拟行187, slot=16) -> 6561  (虚拟行188, slot=3) -> 6583  
主桶[63]: (虚拟行189, slot=23) -> 6638  (虚拟行190, slot=9) -> 6659  (虚拟行191, slot=24) -> 6709  
主桶[64]: (虚拟行192, slot=25) -> 6745  (虚拟行193, slot=21) -> 6776  (虚拟行194, slot=15) -> 6805  
主桶[65]: (虚拟行195, slot=7) -> 6832  (虚拟行196, slot=9) -> 6869  (虚拟行197, slot=6) -> 6901  
主桶[66]: (虚拟行198, slot=10) -> 6940  (虚拟行199, slot=5) -> 6970  (虚拟行200, slot=24) -> 7024  
主桶[67]: (虚拟行201, slot=1) -> 7036  (虚拟行202, slot=24) -> 7094  (虚拟行203, slot=9) -> 7114  
主桶[68]: (虚拟行204, slot=7) -> 7147  (虚拟行205, slot=21) -> 7196  (虚拟行206, slot=0) -> 7210  
主桶[69]: (虚拟行207, slot=2) -> 7247  (虚拟行208, slot=11) -> 7291  (虚拟行209, slot=22) -> 7337  
主桶[70]: (虚拟行210, slot=5) -> 7355  (虚拟行211, slot=32) -> 7417  (虚拟行212, slot=20) -> 7440  
主桶[71]: (虚拟行213, slot=27) -> 7482  (虚拟行214, slot=28) -> 7518  (虚拟行215, slot=16) -> 7541  
主桶[72]: (虚拟行216, slot=8) -> 7568  (虚拟行217, slot=11) -> 7606  (虚拟行218, slot=16) -> 7646  
主桶[73]: (虚拟行219, slot=15) -> 7680  (虚拟行220, slot=28) -> 7728  (虚拟行221, slot=2) -> 7737  
主桶[74]: (虚拟行222, slot=29) -> 7799  (虚拟行223, slot=7) -> 7812  (虚拟行224, slot=25) -> 7865  
主桶[75]: (虚拟行225, slot=22) -> 7897  (虚拟行226, slot=31) -> 7941  (虚拟行227, slot=6) -> 7951  
主桶[76]: (虚拟行228, slot=13) -> 7993  (虚拟行229, slot=2) -> 8017  (虚拟行230, slot=18) -> 8068  
主桶[77]: (虚拟行231, slot=32) -> 8117  (虚拟行232, slot=13) -> 8133  (虚拟行233, slot=12) -> 8167  
主桶[78]: (虚拟行234, slot=26) -> 8216  (虚拟行235, slot=3) -> 8228  (虚拟行236, slot=19) -> 8279  
主桶[79]: (虚拟行237, slot=29) -> 8324  (虚拟行238, slot=0) -> 8330  (虚拟行239, slot=16) -> 8381  
主桶[80]: (虚拟行240, slot=22) -> 8422  (虚拟行241, slot=26) -> 8461  (虚拟行242, slot=24) -> 8494  
主桶[81]: (虚拟行243, slot=26) -> 8531  (虚拟行244, slot=22) -> 8562  (虚拟行245, slot=27) -> 8602  
主桶[82]: (虚拟行246, slot=7) -> 8617  (虚拟行247, slot=6) -> 8651  (虚拟行248, slot=3) -> 8683  
主桶[83]: (虚拟行249, slot=16) -> 8731  (虚拟行250, slot=25) -> 8775  (虚拟行251, slot=5) -> 8790  
主桶[84]: (虚拟行252, slot=13) -> 8833  (虚拟行253, slot=16) -> 8871  (虚拟行254, slot=30) -> 8920  
主桶[85]: (虚拟行255, slot=23) -> 8948  (虚拟行256, slot=13) -> 8973  (虚拟行257, slot=31) -> 9026  
主桶[86]: (虚拟行258, slot=22) -> 9052  (虚拟行259, slot=6) -> 9071  (虚拟行260, slot=33) -> 9133  
主桶[87]: (虚拟行261, slot=4) -> 9139  (虚拟行262, slot=7) -> 9177  (虚拟行263, slot=29) -> 9234  
主桶[88]: (虚拟行264, slot=11) -> 9251  (虚拟行265, slot=32) -> 9307  (虚拟行266, slot=29) -> 9339  
主桶[89]: (虚拟行267, slot=1) -> 9346  (虚拟行268, slot=17) -> 9397  (虚拟行269, slot=32) -> 9447  
主桶[90]: (虚拟行270, slot=20) -> 9470  (虚拟行271, slot=26) -> 9511  (虚拟行272, slot=14) -> 9534  
主桶[91]: (虚拟行273, slot=9) -> 9564  (虚拟行274, slot=32) -> 9622  (虚拟行275, slot=4) -> 9629  
主桶[92]: (虚拟行276, slot=3) -> 9663  (虚拟行277, slot=8) -> 9703  (虚拟行278, slot=13) -> 9743  
主桶[93]: (虚拟行279, slot=18) -> 9783  (虚拟行280, slot=9) -> 9809  (虚拟行281, slot=24) -> 9859  
主桶[94]: (虚拟行282, slot=9) -> 9879  (虚拟行283, slot=17) -> 9922  (虚拟行284, slot=8) -> 9948  
主桶[95]: (虚拟行285, slot=13) -> 9988  (虚拟行286, slot=15) -> 10025  (虚拟行287, slot=6) -> 10051  
主桶[96]: (虚拟行288, slot=16) -> 10096  (虚拟行289, slot=17) -> 10132  (虚拟行290, slot=31) -> 10181  
主桶[97]: (虚拟行291, slot=13) -> 10198  (虚拟行292, slot=25) -> 10245  (虚拟行293, slot=18) -> 10273  
主桶[98]: (虚拟行294, slot=2) -> 10292  (虚拟行295, slot=16) -> 10341  (虚拟行296, slot=27) -> 10387  
主桶[99]: (虚拟行297, slot=2) -> 10397  (虚拟行298, slot=17) -> 10447  (虚拟行299, slot=6) -> 10471  
主桶[100]: (虚拟行300, slot=26) -> 10526  (虚拟行301, slot=2) -> 10537  (虚拟行302, slot=22) -> 10592  
主桶[101]: (虚拟行303, slot=24) -> 10629  (虚拟行304, slot=11) -> 10651  (虚拟行305, slot=4) -> 10679  
主桶[102]: (虚拟行306, slot=34) -> 10744  (虚拟行307, slot=26) -> 10771  (虚拟行308, slot=16) -> 10796  
主桶[103]: (虚拟行309, slot=17) -> 10832  (虚拟行310, slot=3) -> 10853  (虚拟行311, slot=33) -> 10918  
主桶[104]: (虚拟行312, slot=9) -> 10929  (虚拟行313, slot=0) -> 10955  (虚拟行314, slot=5) -> 10995  
主桶[105]: (虚拟行315, slot=9) -> 11034  (虚拟行316, slot=8) -> 11068  (虚拟行317, slot=33) -> 11128  
主桶[106]: (虚拟行318, slot=1) -> 11131  (虚拟行319, slot=28) -> 11193  (虚拟行320, slot=3) -> 11203  
主桶[107]: (虚拟行321, slot=14) -> 11249  (虚拟行322, slot=30) -> 11300  (虚拟行323, slot=0) -> 11305  
主桶[108]: (虚拟行324, slot=31) -> 11371  (虚拟行325, slot=27) -> 11402  (虚拟行326, slot=8) -> 11418  
主桶[109]: (虚拟行327, slot=13) -> 11458  (虚拟行328, slot=31) -> 11511  (虚拟行329, slot=18) -> 11533  
主桶[110]: (虚拟行330, slot=1) -> 11551  (虚拟行331, slot=3) -> 11588  (虚拟行332, slot=11) -> 11631  
主桶[111]: (虚拟行333, slot=23) -> 11678  (虚拟行334, slot=21) -> 11711  (虚拟行335, slot=12) -> 11737  
主桶[112]: (虚拟行336, slot=31) -> 11791  (虚拟行337, slot=17) -> 11812  (虚拟行338, slot=3) -> 11833  
主桶[113]: (虚拟行339, slot=17) -> 11882  (虚拟行340, slot=29) -> 11929  (虚拟行341, slot=18) -> 11953  
主桶[114]: (虚拟行342, slot=15) -> 11985  (虚拟行343, slot=27) -> 12032  (虚拟行344, slot=27) -> 12067  
主桶[115]: (虚拟行345, slot=29) -> 12104  (虚拟行346, slot=18) -> 12128  (虚拟行347, slot=23) -> 12168  
主桶[116]: (虚拟行348, slot=6) -> 12186  (虚拟行349, slot=33) -> 12248  (虚拟行350, slot=33) -> 12283  
主桶[117]: (虚拟行351, slot=24) -> 12309  (虚拟行352, slot=30) -> 12350  (虚拟行353, slot=4) -> 12359  
主桶[118]: (虚拟行354, slot=4) -> 12394  (虚拟行355, slot=1) -> 12426  (虚拟行356, slot=25) -> 12485  
主桶[119]: (虚拟行357, slot=34) -> 12529  (虚拟行358, slot=5) -> 12535  (虚拟行359, slot=31) -> 12596  
主桶[120]: (虚拟行360, slot=21) -> 12621  (虚拟行361, slot=20) -> 12655  (虚拟行362, slot=5) -> 12675  
主桶[121]: (虚拟行363, slot=0) -> 12705  (虚拟行364, slot=14) -> 12754  (虚拟行365, slot=20) -> 12795  
主桶[122]: (虚拟行366, slot=0) -> 12810  (虚拟行367, slot=5) -> 12850  (虚拟行368, slot=27) -> 12907  
主桶[123]: (虚拟行369, slot=10) -> 12925  (虚拟行370, slot=11) -> 12961  (虚拟行371, slot=31) -> 13016  
主桶[124]: (虚拟行372, slot=6) -> 13026  (虚拟行373, slot=32) -> 13087  (虚拟行374, slot=8) -> 13098  
主桶[125]: (虚拟行375, slot=19) -> 13144  (虚拟行376, slot=21) -> 13181  (虚拟行377, slot=33) -> 13228  
主桶[126]: (虚拟行378, slot=4) -> 13234  (虚拟行379, slot=26) -> 13291  (虚拟行380, slot=11) -> 13311  
主桶[127]: (虚拟行381, slot=22) -> 13357  (虚拟行382, slot=2) -> 13372  (虚拟行383, slot=1) -> 13406  
主桶[128]: (虚拟行384, slot=16) -> 13456  (虚拟行385, slot=24) -> 13499  (虚拟行386, slot=1) -> 13511  
主桶[129]: (虚拟行387, slot=23) -> 13568  (虚拟行388, slot=24) -> 13604  (虚拟行389, slot=7) -> 13622  
主桶[130]: (虚拟行390, slot=2) -> 13652  (虚拟行391, slot=21) -> 13706  (虚拟行392, slot=18) -> 13738  
主桶[131]: (虚拟行393, slot=29) -> 13784  (虚拟行394, slot=33) -> 13823  (虚拟行395, slot=30) -> 13855  
主桶[132]: (虚拟行396, slot=20) -> 13880  (虚拟行397, slot=15) -> 13910  (虚拟行398, slot=6) -> 13936  
主桶[133]: (虚拟行399, slot=31) -> 13996  (虚拟行400, slot=11) -> 14011  (虚拟行401, slot=10) -> 14045  
主桶[134]: (虚拟行402, slot=30) -> 14100  (虚拟行403, slot=14) -> 14119  (虚拟行404, slot=21) -> 14161  
主桶[135]: (虚拟行405, slot=13) -> 14188  (虚拟行406, slot=27) -> 14237  (虚拟行407, slot=25) -> 14270  
主桶[136]: (虚拟行408, slot=18) -> 14298  (虚拟行409, slot=27) -> 14342  (虚拟行410, slot=24) -> 14374  
主桶[137]: (虚拟行411, slot=23) -> 14408  (虚拟行412, slot=25) -> 14445  (虚拟行413, slot=28) -> 14483  
主桶[138]: (虚拟行414, slot=0) -> 14490  (虚拟行415, slot=3) -> 14528  (虚拟行416, slot=27) -> 14587  
主桶[139]: (虚拟行417, slot=24) -> 14619  (虚拟行418, slot=27) -> 14657  (虚拟行419, slot=28) -> 14693  
主桶[140]: (虚拟行420, slot=25) -> 14725  (虚拟行421, slot=21) -> 14756  (虚拟行422, slot=15) -> 14785  
主桶[141]: (虚拟行423, slot=14) -> 14819  (虚拟行424, slot=10) -> 14850  (虚拟行425, slot=9) -> 14884  
主桶[142]: (虚拟行426, slot=34) -> 14944  (虚拟行427, slot=16) -> 14961  (虚拟行428, slot=18) -> 14998  
主桶[143]: (虚拟行429, slot=8) -> 15023  (虚拟行430, slot=7) -> 15057  (虚拟行431, slot=0) -> 15085  
主桶[144]: (虚拟行432, slot=27) -> 15147  (虚拟行433, slot=19) -> 15174  (虚拟行434, slot=11) -> 15201  
主桶[145]: (虚拟行435, slot=32) -> 15257  (虚拟行436, slot=26) -> 15286  (虚拟行437, slot=24) -> 15319  
主桶[146]: (虚拟行438, slot=10) -> 15340  (虚拟行439, slot=24) -> 15389  (虚拟行440, slot=24) -> 15424  
主桶[147]: (虚拟行441, slot=15) -> 15450  (虚拟行442, slot=18) -> 15488  (虚拟行443, slot=26) -> 15531  
主桶[148]: (虚拟行444, slot=15) -> 15555  (虚拟行445, slot=10) -> 15585  (虚拟行446, slot=14) -> 15624  
主桶[149]: (虚拟行447, slot=10) -> 15655  (虚拟行448, slot=33) -> 15713  (虚拟行449, slot=30) -> 15745  
主桶[150]: (虚拟行450, slot=15) -> 15765  (虚拟行451, slot=25) -> 15810  (虚拟行452, slot=10) -> 15830  
主桶[151]: (虚拟行453, slot=16) -> 15871  (虚拟行454, slot=26) -> 15916  (虚拟行455, slot=4) -> 15929  
主桶[152]: (虚拟行456, slot=29) -> 15989  (虚拟行457, slot=7) -> 16002  (虚拟行458, slot=4) -> 16034  
主桶[153]: (虚拟行459, slot=24) -> 16089  (虚拟行460, slot=15) -> 16115  (虚拟行461, slot=19) -> 16154  
主桶[154]: (虚拟行462, slot=2) -> 16172  (虚拟行463, slot=8) -> 16213  (虚拟行464, slot=9) -> 16249  
主桶[155]: (虚拟行465, slot=20) -> 16295  (虚拟行466, slot=8) -> 16318  (虚拟行467, slot=31) -> 16376  
主桶[156]: (虚拟行468, slot=21) -> 16401  (虚拟行469, slot=24) -> 16439  (虚拟行470, slot=26) -> 16476  
主桶[157]: (虚拟行471, slot=31) -> 16516  (虚拟行472, slot=4) -> 16524  (虚拟行473, slot=13) -> 16568  
主桶[158]: (虚拟行474, slot=9) -> 16599  (虚拟行475, slot=21) -> 16646  (虚拟行476, slot=24) -> 16684  
主桶[159]: (虚拟行477, slot=17) -> 16712  (虚拟行478, slot=0) -> 16730  (虚拟行479, slot=32) -> 16797  
主桶[160]: (虚拟行480, slot=17) -> 16817  (虚拟行481, slot=12) -> 16847  (虚拟行482, slot=23) -> 16893  
主桶[161]: (虚拟行483, slot=0) -> 16905  (虚拟行484, slot=2) -> 16942  (虚拟行485, slot=4) -> 16979  
主桶[162]: (虚拟行486, slot=2) -> 17012  (虚拟行487, slot=10) -> 17055  (虚拟行488, slot=0) -> 17080  
主桶[163]: (虚拟行489, slot=17) -> 17132  (虚拟行490, slot=14) -> 17164  (虚拟行491, slot=1) -> 17186  
主桶[164]: (虚拟行492, slot=22) -> 17242  (虚拟行493, slot=23) -> 17278  (虚拟行494, slot=23) -> 17313  
主桶[165]: (虚拟行495, slot=33) -> 17358  (虚拟行496, slot=22) -> 17382  (虚拟行497, slot=18) -> 17413  
主桶[166]: (虚拟行498, slot=4) -> 17434  (虚拟行499, slot=4) -> 17469  (虚拟行500, slot=34) -> 17534  
主桶[167]: (虚拟行501, slot=11) -> 17546  (虚拟行502, slot=4) -> 17574  (虚拟行503, slot=22) -> 17627  
主桶[168]: (虚拟行504, slot=0) -> 17640  (虚拟行505, slot=20) -> 17695  (虚拟行506, slot=0) -> 17710  
主桶[169]: (虚拟行507, slot=24) -> 17769  (虚拟行508, slot=34) -> 17814  (虚拟行509, slot=25) -> 17840  
主桶[170]: (虚拟行510, slot=19) -> 17869  (虚拟行511, slot=15) -> 17900  (虚拟行512, slot=27) -> 17947  
主桶[171]: (虚拟行513, slot=12) -> 17967  (虚拟行514, slot=25) -> 18015  (虚拟行515, slot=20) -> 18045  
主桶[172]: (虚拟行516, slot=9) -> 18069  (虚拟行517, slot=5) -> 18100  (虚拟行518, slot=13) -> 18143  
主桶[173]: (虚拟行519, slot=10) -> 18175  (虚拟行520, slot=28) -> 18228  (虚拟行521, slot=4) -> 18239  
主桶[174]: (虚拟行522, slot=3) -> 18273  (虚拟行523, slot=12) -> 18317  (虚拟行524, slot=24) -> 18364  
主桶[175]: (虚拟行525, slot=19) -> 18394  (虚拟行526, slot=32) -> 18442  (虚拟行527, slot=34) -> 18479  
主桶[176]: (虚拟行528, slot=23) -> 18503  (虚拟行529, slot=0) -> 18515  (虚拟行530, slot=16) -> 18566  
主桶[177]: (虚拟行531, slot=24) -> 18609  (虚拟行532, slot=33) -> 18653  (虚拟行533, slot=32) -> 18687  
主桶[178]: (虚拟行534, slot=32) -> 18722  (虚拟行535, slot=6) -> 18731  (虚拟行536, slot=20) -> 18780  
主桶[179]: (虚拟行537, slot=24) -> 18819  (虚拟行538, slot=14) -> 18844  (虚拟行539, slot=10) -> 18875  
主桶[180]: (虚拟行540, slot=20) -> 18920  (虚拟行541, slot=13) -> 18948  (虚拟行542, slot=25) -> 18995  
主桶[181]: (虚拟行543, slot=12) -> 19017  (虚拟行544, slot=28) -> 19068  (虚拟行545, slot=30) -> 19105  
主桶[182]: (虚拟行546, slot=10) -> 19120  (虚拟行547, slot=30) -> 19175  (虚拟行548, slot=25) -> 19205  
主桶[183]: (虚拟行549, slot=32) -> 19247  (虚拟行550, slot=2) -> 19252  (虚拟行551, slot=13) -> 19298  
主桶[184]: (虚拟行552, slot=19) -> 19339  (虚拟行553, slot=30) -> 19385  (虚拟行554, slot=8) -> 19398  
主桶[185]: (虚拟行555, slot=30) -> 19455  (虚拟行556, slot=9) -> 19469  (虚拟行557, slot=32) -> 19527  
主桶[186]: (虚拟行558, slot=5) -> 19535  (虚拟行559, slot=29) -> 19594  (虚拟行560, slot=6) -> 19606  
主桶[187]: (虚拟行561, slot=0) -> 19635  (虚拟行562, slot=28) -> 19698  (虚拟行563, slot=28) -> 19733  
主桶[188]: (虚拟行564, slot=1) -> 19741  (虚拟行565, slot=19) -> 19794  (虚拟行566, slot=5) -> 19815  
主桶[189]: (虚拟行567, slot=24) -> 19869  (虚拟行568, slot=32) -> 19912  (虚拟行569, slot=26) -> 19941  
主桶[190]: (虚拟行570, slot=13) -> 19963  (虚拟行571, slot=16) -> 20001  (虚拟行572, slot=9) -> 20029  
主桶[191]: (虚拟行573, slot=3) -> 20058  (虚拟行574, slot=25) -> 20115  (虚拟行575, slot=27) -> 20152  
主桶[192]: (虚拟行576, slot=9) -> 20169  (虚拟行577, slot=11) -> 20206  (虚拟行578, slot=27) -> 20257  
主桶[193]: (虚拟行579, slot=27) -> 20292  (虚拟行580, slot=9) -> 20309  (虚拟行581, slot=21) -> 20356  
主桶[194]: (虚拟行582, slot=1) -> 20371  (虚拟行583, slot=25) -> 20430  (虚拟行584, slot=19) -> 20459  
主桶[195]: (虚拟行585, slot=12) -> 20487  (虚拟行586, slot=1) -> 20511  (虚拟行587, slot=28) -> 20573  
主桶[196]: (虚拟行588, slot=33) -> 20613  (虚拟行589, slot=0) -> 20615  (虚拟行590, slot=19) -> 20669  
主桶[197]: (虚拟行591, slot=5) -> 20690  (虚拟行592, slot=10) -> 20730  (虚拟行593, slot=6) -> 20761  
主桶[198]: (虚拟行594, slot=0) -> 20790  (虚拟行595, slot=12) -> 20837  (虚拟行596, slot=12) -> 20872  
主桶[199]: (虚拟行597, slot=28) -> 20923  (虚拟行598, slot=0) -> 20930  (虚拟行599, slot=18) -> 20983  
主桶[200]: (虚拟行600, slot=30) -> 21030  (虚拟行601, slot=18) -> 21053  (虚拟行602, slot=24) -> 21094  
主桶[201]: (虚拟行603, slot=32) -> 21137  (虚拟行604, slot=18) -> 21158  (虚拟行605, slot=8) -> 21183  
主桶[202]: (虚拟行606, slot=8) -> 21218  (虚拟行607, slot=6) -> 21251  (虚拟行608, slot=1) -> 21281  
主桶[203]: (虚拟行609, slot=14) -> 21329  (虚拟行610, slot=11) -> 21361  (虚拟行611, slot=31) -> 21416  
主桶[204]: (虚拟行612, slot=8) -> 21428  (虚拟行613, slot=1) -> 21456  (虚拟行614, slot=6) -> 21496  
主桶[205]: (虚拟行615, slot=9) -> 21534  (虚拟行616, slot=32) -> 21592  (虚拟行617, slot=0) -> 21595  
主桶[206]: (虚拟行618, slot=13) -> 21643  (虚拟行619, slot=6) -> 21671  (虚拟行620, slot=30) -> 21730  
主桶[207]: (虚拟行621, slot=12) -> 21747  (虚拟行622, slot=23) -> 21793  (虚拟行623, slot=17) -> 21822  
主桶[208]: (虚拟行624, slot=23) -> 21863  (虚拟行625, slot=21) -> 21896  (虚拟行626, slot=12) -> 21922  
主桶[209]: (虚拟行627, slot=17) -> 21962  (虚拟行628, slot=20) -> 22000  (虚拟行629, slot=20) -> 22035  
主桶[210]: (虚拟行630, slot=28) -> 22078  (虚拟行631, slot=34) -> 22119  (虚拟行632, slot=1) -> 22121  
主桶[211]: (虚拟行633, slot=18) -> 22173  (虚拟行634, slot=15) -> 22205  (虚拟行635, slot=32) -> 22257  
主桶[212]: (虚拟行636, slot=11) -> 22271  (虚拟行637, slot=30) -> 22325  (虚拟行638, slot=15) -> 22345  
主桶[213]: (虚拟行639, slot=22) -> 22387  (虚拟行640, slot=10) -> 22410  (虚拟行641, slot=32) -> 22467  
主桶[214]: (虚拟行642, slot=0) -> 22470  (虚拟行643, slot=0) -> 22505  (虚拟行644, slot=29) -> 22569  
主桶[215]: (虚拟行645, slot=5) -> 22580  (虚拟行646, slot=30) -> 22640  (虚拟行647, slot=27) -> 22672  
主桶[216]: (虚拟行648, slot=12) -> 22692  (虚拟行649, slot=10) -> 22725  (虚拟行650, slot=34) -> 22784  
主桶[217]: (虚拟行651, slot=20) -> 22805  (虚拟行652, slot=20) -> 22840  (虚拟行653, slot=31) -> 22886  
主桶[218]: (虚拟行654, slot=0) -> 22890  (虚拟行655, slot=5) -> 22930  (虚拟行656, slot=22) -> 22982  
主桶[219]: (虚拟行657, slot=21) -> 23016  (虚拟行658, slot=1) -> 23031  (虚拟行659, slot=16) -> 23081  
主桶[220]: (虚拟行660, slot=29) -> 23129  (虚拟行661, slot=18) -> 23153  (虚拟行662, slot=29) -> 23199  
主桶[221]: (虚拟行663, slot=28) -> 23233  (虚拟行664, slot=27) -> 23267  (虚拟行665, slot=13) -> 23288  
主桶[222]: (虚拟行666, slot=33) -> 23343  (虚拟行667, slot=9) -> 23354  (虚拟行668, slot=31) -> 23411  
主桶[223]: (虚拟行669, slot=12) -> 23427  (虚拟行670, slot=26) -> 23476  (虚拟行671, slot=14) -> 23499  
主桶[224]: (虚拟行672, slot=22) -> 23542  (虚拟行673, slot=4) -> 23559  (虚拟行674, slot=19) -> 23609  
主桶[225]: (虚拟行675, slot=18) -> 23643  (虚拟行676, slot=27) -> 23687  (虚拟行677, slot=12) -> 23707  
主桶[226]: (虚拟行678, slot=10) -> 23740  (虚拟行679, slot=33) -> 23798  (虚拟行680, slot=14) -> 23814  
主桶[227]: (虚拟行681, slot=15) -> 23850  (虚拟行682, slot=1) -> 23871  (虚拟行683, slot=10) -> 23915  
主桶[228]: (虚拟行684, slot=0) -> 23940  (虚拟行685, slot=3) -> 23978  (虚拟行686, slot=29) -> 24039  
主桶[229]: (虚拟行687, slot=8) -> 24053  (虚拟行688, slot=17) -> 24097  (虚拟行689, slot=33) -> 24148  
主桶[230]: (虚拟行690, slot=34) -> 24184  (虚拟行691, slot=29) -> 24214  (虚拟行692, slot=27) -> 24247  
主桶[231]: (虚拟行693, slot=8) -> 24263  (虚拟行694, slot=16) -> 24306  (虚拟行695, slot=6) -> 24331  
主桶[232]: (虚拟行696, slot=34) -> 24394  (虚拟行697, slot=25) -> 24420  (虚拟行698, slot=0) -> 24430  
主桶[233]: (虚拟行699, slot=22) -> 24487  (虚拟行700, slot=19) -> 24519  (虚拟行701, slot=24) -> 24559  
主桶[234]: (虚拟行702, slot=32) -> 24602  (虚拟行703, slot=19) -> 24624  (虚拟行704, slot=7) -> 24647  
主桶[235]: (虚拟行705, slot=4) -> 24679  (虚拟行706, slot=10) -> 24720  (虚拟行707, slot=1) -> 24746  
主桶[236]: (虚拟行708, slot=17) -> 24797  (虚拟行709, slot=13) -> 24828  (虚拟行710, slot=31) -> 24881  
主桶[237]: (虚拟行711, slot=13) -> 24898  (虚拟行712, slot=20) -> 24940  (虚拟行713, slot=23) -> 24978  
主桶[238]: (虚拟行714, slot=30) -> 25020  (虚拟行715, slot=4) -> 25029  (虚拟行716, slot=15) -> 25075  
主桶[239]: (虚拟行717, slot=16) -> 25111  (虚拟行718, slot=9) -> 25139  (虚拟行719, slot=22) -> 25187  
主桶[240]: (虚拟行720, slot=12) -> 25212  (虚拟行721, slot=5) -> 25240  (虚拟行722, slot=17) -> 25287  
主桶[241]: (虚拟行723, slot=27) -> 25332  (虚拟行724, slot=2) -> 25342  (虚拟行725, slot=7) -> 25382  
主桶[242]: (虚拟行726, slot=34) -> 25444  (虚拟行727, slot=15) -> 25460  (虚拟行728, slot=29) -> 25509  
主桶[243]: (虚拟行729, slot=29) -> 25544  (虚拟行730, slot=24) -> 25574  (虚拟行731, slot=30) -> 25615  
主桶[244]: (虚拟行732, slot=22) -> 25642  (虚拟行733, slot=18) -> 25673  (虚拟行734, slot=6) -> 25696  
主桶[245]: (虚拟行735, slot=18) -> 25743  (虚拟行736, slot=28) -> 25788  (虚拟行737, slot=16) -> 25811  
主桶[246]: (虚拟行738, slot=14) -> 25844  (虚拟行739, slot=2) -> 25867  (虚拟行740, slot=25) -> 25925  
主桶[247]: (虚拟行741, slot=32) -> 25967  (虚拟行742, slot=22) -> 25992  (虚拟行743, slot=24) -> 26029  
主桶[248]: (虚拟行744, slot=6) -> 26046  (虚拟行745, slot=12) -> 26087  (虚拟行746, slot=12) -> 26122  
主桶[249]: (虚拟行747, slot=15) -> 26160  (虚拟行748, slot=15) -> 26195  (虚拟行749, slot=0) -> 26215  
主桶[250]: (虚拟行750, slot=34) -> 26284  (虚拟行751, slot=21) -> 26306  (虚拟行752, slot=16) -> 26336  
主桶[251]: (虚拟行753, slot=21) -> 26376  (虚拟行754, slot=20) -> 26410  (虚拟行755, slot=22) -> 26447  
主桶[252]: (虚拟行756, slot=12) -> 26472  (虚拟行757, slot=12) -> 26507  (虚拟行758, slot=34) -> 26564  
主桶[253]: (虚拟行759, slot=5) -> 26570  (虚拟行760, slot=23) -> 26623  (虚拟行761, slot=7) -> 26642  
主桶[254]: (虚拟行762, slot=10) -> 26680  (虚拟行763, slot=27) -> 26732  (虚拟行764, slot=19) -> 26759  
主桶[255]: (虚拟行765, slot=13) -> 26788  (虚拟行766, slot=20) -> 26830  (虚拟行767, slot=27) -> 26872  
主桶[256]: (虚拟行768, slot=8) -> 26888  (虚拟行769, slot=27) -> 26942  (虚拟行770, slot=6) -> 26956  
主桶[257]: (虚拟行771, slot=28) -> 27013  (虚拟行772, slot=14) -> 27034  (虚拟行773, slot=22) -> 27077  
主桶[258]: (虚拟行774, slot=34) -> 27124  (虚拟行775, slot=16) -> 27141  (虚拟行776, slot=23) -> 27183  
主桶[259]: (虚拟行777, slot=34) -> 27229  (虚拟行778, slot=28) -> 27258  (虚拟行779, slot=22) -> 27287  
主桶[260]: (虚拟行780, slot=5) -> 27305  (虚拟行781, slot=34) -> 27369  (虚拟行782, slot=11) -> 27381  
主桶[261]: (虚拟行783, slot=23) -> 27428  (虚拟行784, slot=23) -> 27463  (虚拟行785, slot=22) -> 27497  
主桶[262]: (虚拟行786, slot=1) -> 27511  (虚拟行787, slot=12) -> 27557  (虚拟行788, slot=3) -> 27583  
主桶[263]: (虚拟行789, slot=13) -> 27628  (虚拟行790, slot=3) -> 27653  (虚拟行791, slot=14) -> 27699  
主桶[264]: (虚拟行792, slot=21) -> 27741  (虚拟行793, slot=29) -> 27784  (虚拟行794, slot=24) -> 27814  
主桶[265]: (虚拟行795, slot=3) -> 27828  (虚拟行796, slot=13) -> 27873  (虚拟行797, slot=27) -> 27922  
主桶[266]: (虚拟行798, slot=16) -> 27946  (虚拟行799, slot=20) -> 27985  (虚拟行800, slot=22) -> 28022  
主桶[267]: (虚拟行801, slot=25) -> 28060  (虚拟行802, slot=7) -> 28077  (虚拟行803, slot=2) -> 28107  
主桶[268]: (虚拟行804, slot=22) -> 28162  (虚拟行805, slot=11) -> 28186  (虚拟行806, slot=32) -> 28242  
主桶[269]: (虚拟行807, slot=30) -> 28275  (虚拟行808, slot=4) -> 28284  (虚拟行809, slot=16) -> 28331  
主桶[270]: (虚拟行810, slot=22) -> 28372  (虚拟行811, slot=21) -> 28406  (虚拟行812, slot=2) -> 28422  
主桶[271]: (虚拟行813, slot=6) -> 28461  (虚拟行814, slot=15) -> 28505  (虚拟行815, slot=8) -> 28533  
主桶[272]: (虚拟行816, slot=31) -> 28591  (虚拟行817, slot=25) -> 28620  (虚拟行818, slot=13) -> 28643  
主桶[273]: (虚拟行819, slot=19) -> 28684  (虚拟行820, slot=27) -> 28727  (虚拟行821, slot=26) -> 28761  
主桶[274]: (虚拟行822, slot=0) -> 28770  (虚拟行823, slot=5) -> 28810  (虚拟行824, slot=26) -> 28866  
主桶[275]: (虚拟行825, slot=0) -> 28875  (虚拟行826, slot=31) -> 28941  (虚拟行827, slot=3) -> 28948  
主桶[276]: (虚拟行828, slot=30) -> 29010  (虚拟行829, slot=19) -> 29034  (虚拟行830, slot=20) -> 29070  
主桶[277]: (虚拟行831, slot=22) -> 29107  (虚拟行832, slot=23) -> 29143  (虚拟行833, slot=26) -> 29181  
主桶[278]: (虚拟行834, slot=13) -> 29203  (虚拟行835, slot=23) -> 29248  (虚拟行836, slot=8) -> 29268  
主桶[279]: (虚拟行837, slot=13) -> 29308  (虚拟行838, slot=20) -> 29350  (虚拟行839, slot=34) -> 29399  
主桶[280]: (虚拟行840, slot=34) -> 29434  (虚拟行841, slot=9) -> 29444  (虚拟行842, slot=31) -> 29501  
主桶[281]: (虚拟行843, slot=1) -> 29506  (虚拟行844, slot=25) -> 29565  (虚拟行845, slot=22) -> 29597  
主桶[282]: (虚拟行846, slot=1) -> 29611  (虚拟行847, slot=15) -> 29660  (虚拟行848, slot=7) -> 29687  
主桶[283]: (虚拟行849, slot=3) -> 29718  (虚拟行850, slot=5) -> 29755  (虚拟行851, slot=16) -> 29801  
主桶[284]: (虚拟行852, slot=2) -> 29822  (虚拟行853, slot=34) -> 29889  (虚拟行854, slot=12) -> 29902  
主桶[285]: (虚拟行855, slot=4) -> 29929  (虚拟行856, slot=11) -> 29971  (虚拟行857, slot=5) -> 30000  
主桶[286]: (虚拟行858, slot=29) -> 30059  (虚拟行859, slot=23) -> 30088  (虚拟行860, slot=30) -> 30130  
主桶[287]: (虚拟行861, slot=21) -> 30156  (虚拟行862, slot=23) -> 30193  (虚拟行863, slot=31) -> 30236  
主桶[288]: (虚拟行864, slot=4) -> 30244  (虚拟行865, slot=19) -> 30294  (虚拟行866, slot=27) -> 30337  
主桶[289]: (虚拟行867, slot=7) -> 30352  (虚拟行868, slot=22) -> 30402  (虚拟行869, slot=1) -> 30416  
主桶[290]: (虚拟行870, slot=6) -> 30456  (虚拟行871, slot=5) -> 30490  (虚拟行872, slot=11) -> 30531  
主桶[291]: (虚拟行873, slot=20) -> 30575  (虚拟行874, slot=17) -> 30607  (虚拟行875, slot=27) -> 30652  
主桶[292]: (虚拟行876, slot=26) -> 30686  (虚拟行877, slot=21) -> 30716  (虚拟行878, slot=4) -> 30734  
主桶[293]: (虚拟行879, slot=8) -> 30773  (虚拟行880, slot=22) -> 30822  (虚拟行881, slot=3) -> 30838  
主桶[294]: (虚拟行882, slot=30) -> 30900  (虚拟行883, slot=26) -> 30931  (虚拟行884, slot=0) -> 30940  
主桶[295]: (虚拟行885, slot=10) -> 30985  (虚拟行886, slot=20) -> 31030  (虚拟行887, slot=12) -> 31057  
主桶[296]: (虚拟行888, slot=11) -> 31091  (虚拟行889, slot=10) -> 31125  (虚拟行890, slot=29) -> 31179  
主桶[297]: (虚拟行891, slot=16) -> 31201  (虚拟行892, slot=30) -> 31250  (虚拟行893, slot=23) -> 31278  
主桶[298]: (虚拟行894, slot=13) -> 31303  (虚拟行895, slot=31) -> 31356  (虚拟行896, slot=7) -> 31367  
主桶[299]: (虚拟行897, slot=13) -> 31408  (虚拟行898, slot=34) -> 31464  (虚拟行899, slot=15) -> 31480  
主桶[300]: (虚拟行900, slot=15) -> 31515  (虚拟行901, slot=24) -> 31559  (虚拟行902, slot=9) -> 31579  
主桶[301]: (虚拟行903, slot=19) -> 31624  (虚拟行904, slot=0) -> 31640  (虚拟行905, slot=3) -> 31678  
主桶[302]: (虚拟行906, slot=11) -> 31721  (虚拟行907, slot=28) -> 31773  (虚拟行908, slot=15) -> 31795  
主桶[303]: (虚拟行909, slot=17) -> 31832  (虚拟行910, slot=16) -> 31866  (虚拟行911, slot=27) -> 31912  
主桶[304]: (虚拟行912, slot=4) -> 31924  (虚拟行913, slot=18) -> 31973  (虚拟行914, slot=32) -> 32022  
主桶[305]: (虚拟行915, slot=34) -> 32059  (虚拟行916, slot=4) -> 32064  (虚拟行917, slot=19) -> 32114  
主桶[306]: (虚拟行918, slot=14) -> 32144  (虚拟行919, slot=10) -> 32175  (虚拟行920, slot=27) -> 32227  
主桶[307]: (虚拟行921, slot=3) -> 32238  (虚拟行922, slot=4) -> 32274  (虚拟行923, slot=27) -> 32332  
主桶[308]: (虚拟行924, slot=26) -> 32366  (虚拟行925, slot=27) -> 32402  (虚拟行926, slot=30) -> 32440  
主桶[309]: (虚拟行927, slot=33) -> 32478  (虚拟行928, slot=2) -> 32482  (虚拟行929, slot=21) -> 32536  
主桶[310]: (虚拟行930, slot=29) -> 32579  (虚拟行931, slot=16) -> 32601  (虚拟行932, slot=31) -> 32651  
主桶[311]: (虚拟行933, slot=19) -> 32674  (虚拟行934, slot=6) -> 32696  (虚拟行935, slot=3) -> 32728  
主桶[312]: (虚拟行936, slot=14) -> 32774  (虚拟行937, slot=29) -> 32824  (虚拟行938, slot=6) -> 32836  
主桶[313]: (虚拟行939, slot=14) -> 32879  (虚拟行940, slot=12) -> 32912  (虚拟行941, slot=3) -> 32938  
主桶[314]: (虚拟行942, slot=17) -> 32987  (虚拟行943, slot=11) -> 33016  (虚拟行944, slot=31) -> 33071  
主桶[315]: (虚拟行945, slot=22) -> 33097  (虚拟行946, slot=13) -> 33123  (虚拟行947, slot=27) -> 33172  
主桶[316]: (虚拟行948, slot=21) -> 33201  (虚拟行949, slot=23) -> 33238  (虚拟行950, slot=13) -> 33263  
主桶[317]: (虚拟行951, slot=20) -> 33305  (虚拟行952, slot=13) -> 33333  (虚拟行953, slot=20) -> 33375  
主桶[318]: (虚拟行954, slot=18) -> 33408  (虚拟行955, slot=18) -> 33443  (虚拟行956, slot=24) -> 33484  
主桶[319]: (虚拟行957, slot=34) -> 33529  (虚拟行958, slot=22) -> 33552  (虚拟行959, slot=27) -> 33592  
主桶[320]: (虚拟行960, slot=13) -> 33613  (虚拟行961, slot=31) -> 33666  (虚拟行962, slot=22) -> 33692  
主桶[321]: (虚拟行963, slot=8) -> 33713  (虚拟行964, slot=18) -> 33758  (虚拟行965, slot=12) -> 33787  
主桶[322]: (虚拟行966, slot=10) -> 33820  (虚拟行967, slot=0) -> 33845  (虚拟行968, slot=12) -> 33892  
主桶[323]: (虚拟行969, slot=19) -> 33934  (虚拟行970, slot=27) -> 33977  (虚拟行971, slot=9) -> 33994  
主桶[324]: (虚拟行972, slot=27) -> 34047  (虚拟行973, slot=2) -> 34057  (虚拟行974, slot=17) -> 34107  
主桶[325]: (虚拟行975, slot=29) -> 34154  (虚拟行976, slot=31) -> 34191  (虚拟行977, slot=13) -> 34208  
主桶[326]: (虚拟行978, slot=22) -> 34252  (虚拟行979, slot=14) -> 34279  (虚拟行980, slot=3) -> 34303  
主桶[327]: (虚拟行981, slot=13) -> 34348  (虚拟行982, slot=14) -> 34384  (虚拟行983, slot=27) -> 34432  
主桶[328]: (虚拟行984, slot=11) -> 34451  (虚拟行985, slot=21) -> 34496  (虚拟行986, slot=1) -> 34511  
主桶[329]: (虚拟行987, slot=12) -> 34557  (虚拟行988, slot=32) -> 34612  (虚拟行989, slot=13) -> 34628  
主桶[330]: (虚拟行990, slot=15) -> 34665  (虚拟行991, slot=18) -> 34703  (虚拟行992, slot=1) -> 34721  
主桶[331]: (虚拟行993, slot=21) -> 34776  (虚拟行994, slot=31) -> 34821  (虚拟行995, slot=23) -> 34848  
主桶[332]: (虚拟行996, slot=15) -> 34875  (虚拟行997, slot=11) -> 34906  (虚拟行998, slot=27) -> 34957  
主桶[333]: (虚拟行999, slot=5) -> 34970  (虚拟行1000, slot=15) -> 35015  (虚拟行1001, slot=18) -> 35053  
主桶[334]: (虚拟行1002, slot=7) -> 35077  (虚拟行1003, slot=22) -> 35127  (虚拟行1004, slot=6) -> 35146  
主桶[335]: (虚拟行1005, slot=29) -> 35204  (虚拟行1006, slot=33) -> 35243  (虚拟行1007, slot=3) -> 35248  
主桶[336]: (虚拟行1008, slot=33) -> 35313  (虚拟行1009, slot=23) -> 35338  (虚拟行1010, slot=18) -> 35368  
主桶[337]: (虚拟行1011, slot=28) -> 35413  (虚拟行1012, slot=10) -> 35430  (虚拟行1013, slot=18) -> 35473  
主桶[338]: (虚拟行1014, slot=4) -> 35494  (虚拟行1015, slot=14) -> 35539  (虚拟行1016, slot=33) -> 35593  
主桶[339]: (虚拟行1017, slot=11) -> 35606  (虚拟行1018, slot=3) -> 35633  (虚拟行1019, slot=32) -> 35697  
主桶[340]: (虚拟行1020, slot=12) -> 35712  (虚拟行1021, slot=14) -> 35749  (虚拟行1022, slot=26) -> 35796  
主桶[341]: (虚拟行1023, slot=30) -> 35835  (虚拟行1024, slot=14) -> 35854  (虚拟行1025, slot=20) -> 35895  
主桶[342]: (虚拟行1026, slot=7) -> 35917  (虚拟行1027, slot=21) -> 35966  (虚拟行1028, slot=16) -> 35996  
主桶[343]: (虚拟行1029, slot=8) -> 36023  (虚拟行1030, slot=23) -> 36073  (虚拟行1031, slot=14) -> 36099  
主桶[344]: (虚拟行1032, slot=30) -> 36150  (虚拟行1033, slot=4) -> 36159  (虚拟行1034, slot=26) -> 36216  
主桶[345]: (虚拟行1035, slot=16) -> 36241  (虚拟行1036, slot=29) -> 36289  (虚拟行1037, slot=8) -> 36303  
主桶[346]: (虚拟行1038, slot=21) -> 36351  (虚拟行1039, slot=32) -> 36397  (虚拟行1040, slot=8) -> 36408  
主桶[347]: (虚拟行1041, slot=10) -> 36445  (虚拟行1042, slot=19) -> 36489  (虚拟行1043, slot=28) -> 36533  
主桶[348]: (虚拟行1044, slot=33) -> 36573  (虚拟行1045, slot=10) -> 36585  (虚拟行1046, slot=27) -> 36637  
主桶[349]: (虚拟行1047, slot=10) -> 36655  (虚拟行1048, slot=4) -> 36684  (虚拟行1049, slot=30) -> 36745  
主桶[350]: (虚拟行1050, slot=8) -> 36758  (虚拟行1051, slot=28) -> 36813  (虚拟行1052, slot=26) -> 36846  
主桶[351]: (虚拟行1053, slot=5) -> 36860  (虚拟行1054, slot=9) -> 36899  (虚拟行1055, slot=3) -> 36928  
主桶[352]: (虚拟行1056, slot=10) -> 36970  (虚拟行1057, slot=10) -> 37005  (虚拟行1058, slot=9) -> 37039  
主桶[353]: (虚拟行1059, slot=20) -> 37085  (虚拟行1060, slot=14) -> 37114  (虚拟行1061, slot=18) -> 37153  
主桶[354]: (虚拟行1062, slot=34) -> 37204  (虚拟行1063, slot=22) -> 37227  (虚拟行1064, slot=8) -> 37248  
主桶[355]: (虚拟行1065, slot=0) -> 37275  (虚拟行1066, slot=26) -> 37336  (虚拟行1067, slot=15) -> 37360  
主桶[356]: (虚拟行1068, slot=26) -> 37406  (虚拟行1069, slot=31) -> 37446  (虚拟行1070, slot=10) -> 37460  
主桶[357]: (虚拟行1071, slot=16) -> 37501  (虚拟行1072, slot=14) -> 37534  (虚拟行1073, slot=16) -> 37571  
主桶[358]: (虚拟行1074, slot=23) -> 37613  (虚拟行1075, slot=25) -> 37650  (虚拟行1076, slot=7) -> 37667  
主桶[359]: (虚拟行1077, slot=22) -> 37717  (虚拟行1078, slot=7) -> 37737  (虚拟行1079, slot=7) -> 37772  
主桶[360]: (虚拟行1080, slot=2) -> 37802  (虚拟行1081, slot=8) -> 37843  (虚拟行1082, slot=6) -> 37876  
主桶[361]: (虚拟行1083, slot=3) -> 37908  (虚拟行1084, slot=26) -> 37966  (虚拟行1085, slot=7) -> 37982  
主桶[362]: (虚拟行1086, slot=3) -> 38013  (虚拟行1087, slot=34) -> 38079  (虚拟行1088, slot=34) -> 38114  
主桶[363]: (虚拟行1089, slot=4) -> 38119  (虚拟行1090, slot=31) -> 38181  (虚拟行1091, slot=17) -> 38202  
主桶[364]: (虚拟行1092, slot=13) -> 38233  (虚拟行1093, slot=30) -> 38285  (虚拟行1094, slot=4) -> 38294  
主桶[365]: (虚拟行1095, slot=29) -> 38354  (虚拟行1096, slot=30) -> 38390  (虚拟行1097, slot=26) -> 38421  
主桶[366]: (虚拟行1098, slot=9) -> 38439  (虚拟行1099, slot=17) -> 38482  (虚拟行1100, slot=18) -> 38518  
主桶[367]: (虚拟行1101, slot=6) -> 38541  (虚拟行1102, slot=7) -> 38577  (虚拟行1103, slot=17) -> 38622  
主桶[368]: (虚拟行1104, slot=31) -> 38671  (虚拟行1105, slot=4) -> 38679  (虚拟行1106, slot=30) -> 38740  
主桶[369]: (虚拟行1107, slot=6) -> 38751  (虚拟行1108, slot=18) -> 38798  (虚拟行1109, slot=6) -> 38821  
主桶[370]: (虚拟行1110, slot=20) -> 38870  (虚拟行1111, slot=13) -> 38898  (虚拟行1112, slot=23) -> 38943  
主桶[371]: (虚拟行1113, slot=31) -> 38986  (虚拟行1114, slot=33) -> 39023  (虚拟行1115, slot=29) -> 39054  
主桶[372]: (虚拟行1116, slot=20) -> 39080  (虚拟行1117, slot=3) -> 39098  (虚拟行1118, slot=17) -> 39147  
主桶[373]: (虚拟行1119, slot=23) -> 39188  (虚拟行1120, slot=15) -> 39215  (虚拟行1121, slot=6) -> 39241  
主桶[374]: (虚拟行1122, slot=34) -> 39304  (虚拟行1123, slot=33) -> 39338  (虚拟行1124, slot=0) -> 39340  
主桶[375]: (虚拟行1125, slot=14) -> 39389  (虚拟行1126, slot=19) -> 39429  (虚拟行1127, slot=23) -> 39468  
主桶[376]: (虚拟行1128, slot=9) -> 39489  (虚拟行1129, slot=10) -> 39525  (虚拟行1130, slot=6) -> 39556  
主桶[377]: (虚拟行1131, slot=27) -> 39612  (虚拟行1132, slot=25) -> 39645  (虚拟行1133, slot=15) -> 39670  
主桶[378]: (虚拟行1134, slot=31) -> 39721  (虚拟行1135, slot=14) -> 39739  (虚拟行1136, slot=18) -> 39778  
主桶[379]: (虚拟行1137, slot=7) -> 39802  (虚拟行1138, slot=0) -> 39830  (虚拟行1139, slot=0) -> 39865  
主桶[380]: (虚拟行1140, slot=19) -> 39919  (虚拟行1141, slot=15) -> 39950  (虚拟行1142, slot=31) -> 40001  
主桶[381]: (虚拟行1143, slot=7) -> 40012  (虚拟行1144, slot=1) -> 40041  (虚拟行1145, slot=33) -> 40108  
主桶[382]: (虚拟行1146, slot=23) -> 40133  (虚拟行1147, slot=2) -> 40147  (虚拟行1148, slot=33) -> 40213  
主桶[383]: (虚拟行1149, slot=21) -> 40236  (虚拟行1150, slot=34) -> 40284  (虚拟行1151, slot=28) -> 40313  

总查询数: 1152 (每个主桶 3 个查询)
