========== Sender Phase3: 扁平化PIR数据库 (子桶为行) ==========
数据库组织: 每个子桶是一个独立的行
行索引 = main_idx * nh + sub_idx
总行数 = 384 × 3 = 1152
每行大小 = 35 slots

行[0] = (主桶0, 子桶0): 24 个非空slot
行[1] = (主桶0, 子桶1): 9 个非空slot
行[2] = (主桶0, 子桶2): 2 个非空slot
行[3] = (主桶1, 子桶0): 20 个非空slot
行[4] = (主桶1, 子桶1): 14 个非空slot
行[5] = (主桶1, 子桶2): 4 个非空slot
行[6] = (主桶2, 子桶0): 18 个非空slot
行[7] = (主桶2, 子桶1): 7 个非空slot
行[8] = (主桶2, 子桶2): 0 个非空slot
行[9] = (主桶3, 子桶0): 25 个非空slot
行[10] = (主桶3, 子桶1): 10 个非空slot
行[11] = (主桶3, 子桶2): 1 个非空slot
行[12] = (主桶4, 子桶0): 25 个非空slot
行[13] = (主桶4, 子桶1): 8 个非空slot
行[14] = (主桶4, 子桶2): 1 个非空slot
行[15] = (主桶5, 子桶0): 19 个非空slot
行[16] = (主桶5, 子桶1): 10 个非空slot
行[17] = (主桶5, 子桶2): 3 个非空slot
行[18] = (主桶6, 子桶0): 16 个非空slot
行[19] = (主桶6, 子桶1): 3 个非空slot
行[20] = (主桶6, 子桶2): 0 个非空slot
行[21] = (主桶7, 子桶0): 18 个非空slot
行[22] = (主桶7, 子桶1): 7 个非空slot
行[23] = (主桶7, 子桶2): 1 个非空slot
行[24] = (主桶8, 子桶0): 20 个非空slot
行[25] = (主桶8, 子桶1): 9 个非空slot
行[26] = (主桶8, 子桶2): 2 个非空slot
行[27] = (主桶9, 子桶0): 19 个非空slot
行[28] = (主桶9, 子桶1): 13 个非空slot
行[29] = (主桶9, 子桶2): 3 个非空slot
行[30] = (主桶10, 子桶0): 19 个非空slot
行[31] = (主桶10, 子桶1): 8 个非空slot
行[32] = (主桶10, 子桶2): 1 个非空slot
行[33] = (主桶11, 子桶0): 27 个非空slot
行[34] = (主桶11, 子桶1): 17 个非空slot
行[35] = (主桶11, 子桶2): 3 个非空slot
行[36] = (主桶12, 子桶0): 21 个非空slot
行[37] = (主桶12, 子桶1): 8 个非空slot
行[38] = (主桶12, 子桶2): 2 个非空slot
行[39] = (主桶13, 子桶0): 16 个非空slot
行[40] = (主桶13, 子桶1): 4 个非空slot
行[41] = (主桶13, 子桶2): 1 个非空slot
行[42] = (主桶14, 子桶0): 26 个非空slot
行[43] = (主桶14, 子桶1): 14 个非空slot
行[44] = (主桶14, 子桶2): 2 个非空slot
行[45] = (主桶15, 子桶0): 22 个非空slot
行[46] = (主桶15, 子桶1): 8 个非空slot
行[47] = (主桶15, 子桶2): 0 个非空slot
行[48] = (主桶16, 子桶0): 21 个非空slot
行[49] = (主桶16, 子桶1): 7 个非空slot
行[50] = (主桶16, 子桶2): 0 个非空slot
行[51] = (主桶17, 子桶0): 23 个非空slot
行[52] = (主桶17, 子桶1): 11 个非空slot
行[53] = (主桶17, 子桶2): 1 个非空slot
行[54] = (主桶18, 子桶0): 23 个非空slot
行[55] = (主桶18, 子桶1): 11 个非空slot
行[56] = (主桶18, 子桶2): 3 个非空slot
行[57] = (主桶19, 子桶0): 20 个非空slot
行[58] = (主桶19, 子桶1): 3 个非空slot
行[59] = (主桶19, 子桶2): 0 个非空slot
行[60] = (主桶20, 子桶0): 19 个非空slot
行[61] = (主桶20, 子桶1): 14 个非空slot
行[62] = (主桶20, 子桶2): 3 个非空slot
行[63] = (主桶21, 子桶0): 17 个非空slot
行[64] = (主桶21, 子桶1): 12 个非空slot
行[65] = (主桶21, 子桶2): 2 个非空slot
行[66] = (主桶22, 子桶0): 18 个非空slot
行[67] = (主桶22, 子桶1): 12 个非空slot
行[68] = (主桶22, 子桶2): 2 个非空slot
行[69] = (主桶23, 子桶0): 24 个非空slot
行[70] = (主桶23, 子桶1): 11 个非空slot
行[71] = (主桶23, 子桶2): 3 个非空slot
行[72] = (主桶24, 子桶0): 22 个非空slot
行[73] = (主桶24, 子桶1): 9 个非空slot
行[74] = (主桶24, 子桶2): 0 个非空slot
行[75] = (主桶25, 子桶0): 20 个非空slot
行[76] = (主桶25, 子桶1): 8 个非空slot
行[77] = (主桶25, 子桶2): 4 个非空slot
行[78] = (主桶26, 子桶0): 18 个非空slot
行[79] = (主桶26, 子桶1): 11 个非空slot
行[80] = (主桶26, 子桶2): 3 个非空slot
行[81] = (主桶27, 子桶0): 19 个非空slot
行[82] = (主桶27, 子桶1): 8 个非空slot
行[83] = (主桶27, 子桶2): 0 个非空slot
行[84] = (主桶28, 子桶0): 19 个非空slot
行[85] = (主桶28, 子桶1): 9 个非空slot
行[86] = (主桶28, 子桶2): 1 个非空slot
行[87] = (主桶29, 子桶0): 19 个非空slot
行[88] = (主桶29, 子桶1): 7 个非空slot
行[89] = (主桶29, 子桶2): 0 个非空slot
行[90] = (主桶30, 子桶0): 20 个非空slot
行[91] = (主桶30, 子桶1): 11 个非空slot
行[92] = (主桶30, 子桶2): 2 个非空slot
行[93] = (主桶31, 子桶0): 19 个非空slot
行[94] = (主桶31, 子桶1): 9 个非空slot
行[95] = (主桶31, 子桶2): 2 个非空slot
行[96] = (主桶32, 子桶0): 21 个非空slot
行[97] = (主桶32, 子桶1): 13 个非空slot
行[98] = (主桶32, 子桶2): 0 个非空slot
行[99] = (主桶33, 子桶0): 21 个非空slot
行[100] = (主桶33, 子桶1): 7 个非空slot
行[101] = (主桶33, 子桶2): 0 个非空slot
行[102] = (主桶34, 子桶0): 20 个非空slot
行[103] = (主桶34, 子桶1): 6 个非空slot
行[104] = (主桶34, 子桶2): 1 个非空slot
行[105] = (主桶35, 子桶0): 25 个非空slot
行[106] = (主桶35, 子桶1): 9 个非空slot
行[107] = (主桶35, 子桶2): 1 个非空slot
行[108] = (主桶36, 子桶0): 21 个非空slot
行[109] = (主桶36, 子桶1): 9 个非空slot
行[110] = (主桶36, 子桶2): 3 个非空slot
行[111] = (主桶37, 子桶0): 26 个非空slot
行[112] = (主桶37, 子桶1): 17 个非空slot
行[113] = (主桶37, 子桶2): 3 个非空slot
行[114] = (主桶38, 子桶0): 24 个非空slot
行[115] = (主桶38, 子桶1): 7 个非空slot
行[116] = (主桶38, 子桶2): 0 个非空slot
行[117] = (主桶39, 子桶0): 24 个非空slot
行[118] = (主桶39, 子桶1): 12 个非空slot
行[119] = (主桶39, 子桶2): 0 个非空slot
行[120] = (主桶40, 子桶0): 18 个非空slot
行[121] = (主桶40, 子桶1): 7 个非空slot
行[122] = (主桶40, 子桶2): 0 个非空slot
行[123] = (主桶41, 子桶0): 20 个非空slot
行[124] = (主桶41, 子桶1): 8 个非空slot
行[125] = (主桶41, 子桶2): 1 个非空slot
行[126] = (主桶42, 子桶0): 18 个非空slot
行[127] = (主桶42, 子桶1): 10 个非空slot
行[128] = (主桶42, 子桶2): 1 个非空slot
行[129] = (主桶43, 子桶0): 18 个非空slot
行[130] = (主桶43, 子桶1): 8 个非空slot
行[131] = (主桶43, 子桶2): 2 个非空slot
行[132] = (主桶44, 子桶0): 28 个非空slot
行[133] = (主桶44, 子桶1): 9 个非空slot
行[134] = (主桶44, 子桶2): 2 个非空slot
行[135] = (主桶45, 子桶0): 20 个非空slot
行[136] = (主桶45, 子桶1): 11 个非空slot
行[137] = (主桶45, 子桶2): 0 个非空slot
行[138] = (主桶46, 子桶0): 21 个非空slot
行[139] = (主桶46, 子桶1): 9 个非空slot
行[140] = (主桶46, 子桶2): 1 个非空slot
行[141] = (主桶47, 子桶0): 20 个非空slot
行[142] = (主桶47, 子桶1): 11 个非空slot
行[143] = (主桶47, 子桶2): 2 个非空slot
行[144] = (主桶48, 子桶0): 20 个非空slot
行[145] = (主桶48, 子桶1): 9 个非空slot
行[146] = (主桶48, 子桶2): 1 个非空slot
行[147] = (主桶49, 子桶0): 21 个非空slot
行[148] = (主桶49, 子桶1): 8 个非空slot
行[149] = (主桶49, 子桶2): 0 个非空slot
行[150] = (主桶50, 子桶0): 17 个非空slot
行[151] = (主桶50, 子桶1): 8 个非空slot
行[152] = (主桶50, 子桶2): 0 个非空slot
行[153] = (主桶51, 子桶0): 24 个非空slot
行[154] = (主桶51, 子桶1): 15 个非空slot
行[155] = (主桶51, 子桶2): 3 个非空slot
行[156] = (主桶52, 子桶0): 19 个非空slot
行[157] = (主桶52, 子桶1): 6 个非空slot
行[158] = (主桶52, 子桶2): 3 个非空slot
行[159] = (主桶53, 子桶0): 17 个非空slot
行[160] = (主桶53, 子桶1): 4 个非空slot
行[161] = (主桶53, 子桶2): 0 个非空slot
行[162] = (主桶54, 子桶0): 17 个非空slot
行[163] = (主桶54, 子桶1): 9 个非空slot
行[164] = (主桶54, 子桶2): 0 个非空slot
行[165] = (主桶55, 子桶0): 21 个非空slot
行[166] = (主桶55, 子桶1): 12 个非空slot
行[167] = (主桶55, 子桶2): 2 个非空slot
行[168] = (主桶56, 子桶0): 21 个非空slot
行[169] = (主桶56, 子桶1): 11 个非空slot
行[170] = (主桶56, 子桶2): 4 个非空slot
行[171] = (主桶57, 子桶0): 22 个非空slot
行[172] = (主桶57, 子桶1): 10 个非空slot
行[173] = (主桶57, 子桶2): 3 个非空slot
行[174] = (主桶58, 子桶0): 23 个非空slot
行[175] = (主桶58, 子桶1): 8 个非空slot
行[176] = (主桶58, 子桶2): 0 个非空slot
行[177] = (主桶59, 子桶0): 21 个非空slot
行[178] = (主桶59, 子桶1): 6 个非空slot
行[179] = (主桶59, 子桶2): 3 个非空slot
行[180] = (主桶60, 子桶0): 15 个非空slot
行[181] = (主桶60, 子桶1): 5 个非空slot
行[182] = (主桶60, 子桶2): 0 个非空slot
行[183] = (主桶61, 子桶0): 21 个非空slot
行[184] = (主桶61, 子桶1): 10 个非空slot
行[185] = (主桶61, 子桶2): 0 个非空slot
行[186] = (主桶62, 子桶0): 19 个非空slot
行[187] = (主桶62, 子桶1): 8 个非空slot
行[188] = (主桶62, 子桶2): 2 个非空slot
行[189] = (主桶63, 子桶0): 20 个非空slot
行[190] = (主桶63, 子桶1): 8 个非空slot
行[191] = (主桶63, 子桶2): 2 个非空slot
行[192] = (主桶64, 子桶0): 23 个非空slot
行[193] = (主桶64, 子桶1): 13 个非空slot
行[194] = (主桶64, 子桶2): 4 个非空slot
行[195] = (主桶65, 子桶0): 18 个非空slot
行[196] = (主桶65, 子桶1): 8 个非空slot
行[197] = (主桶65, 子桶2): 0 个非空slot
行[198] = (主桶66, 子桶0): 21 个非空slot
行[199] = (主桶66, 子桶1): 15 个非空slot
行[200] = (主桶66, 子桶2): 3 个非空slot
行[201] = (主桶67, 子桶0): 21 个非空slot
行[202] = (主桶67, 子桶1): 7 个非空slot
行[203] = (主桶67, 子桶2): 2 个非空slot
行[204] = (主桶68, 子桶0): 20 个非空slot
行[205] = (主桶68, 子桶1): 10 个非空slot
行[206] = (主桶68, 子桶2): 1 个非空slot
行[207] = (主桶69, 子桶0): 20 个非空slot
行[208] = (主桶69, 子桶1): 12 个非空slot
行[209] = (主桶69, 子桶2): 2 个非空slot
行[210] = (主桶70, 子桶0): 24 个非空slot
行[211] = (主桶70, 子桶1): 11 个非空slot
行[212] = (主桶70, 子桶2): 1 个非空slot
行[213] = (主桶71, 子桶0): 14 个非空slot
行[214] = (主桶71, 子桶1): 9 个非空slot
行[215] = (主桶71, 子桶2): 1 个非空slot
行[216] = (主桶72, 子桶0): 25 个非空slot
行[217] = (主桶72, 子桶1): 13 个非空slot
行[218] = (主桶72, 子桶2): 3 个非空slot
行[219] = (主桶73, 子桶0): 25 个非空slot
行[220] = (主桶73, 子桶1): 1 个非空slot
行[221] = (主桶73, 子桶2): 1 个非空slot
行[222] = (主桶74, 子桶0): 18 个非空slot
行[223] = (主桶74, 子桶1): 9 个非空slot
行[224] = (主桶74, 子桶2): 2 个非空slot
行[225] = (主桶75, 子桶0): 20 个非空slot
行[226] = (主桶75, 子桶1): 8 个非空slot
行[227] = (主桶75, 子桶2): 2 个非空slot
行[228] = (主桶76, 子桶0): 21 个非空slot
行[229] = (主桶76, 子桶1): 10 个非空slot
行[230] = (主桶76, 子桶2): 1 个非空slot
行[231] = (主桶77, 子桶0): 19 个非空slot
行[232] = (主桶77, 子桶1): 7 个非空slot
行[233] = (主桶77, 子桶2): 1 个非空slot
行[234] = (主桶78, 子桶0): 23 个非空slot
行[235] = (主桶78, 子桶1): 14 个非空slot
行[236] = (主桶78, 子桶2): 3 个非空slot
行[237] = (主桶79, 子桶0): 22 个非空slot
行[238] = (主桶79, 子桶1): 9 个非空slot
行[239] = (主桶79, 子桶2): 2 个非空slot
行[240] = (主桶80, 子桶0): 17 个非空slot
行[241] = (主桶80, 子桶1): 7 个非空slot
行[242] = (主桶80, 子桶2): 0 个非空slot
行[243] = (主桶81, 子桶0): 19 个非空slot
行[244] = (主桶81, 子桶1): 10 个非空slot
行[245] = (主桶81, 子桶2): 2 个非空slot
行[246] = (主桶82, 子桶0): 20 个非空slot
行[247] = (主桶82, 子桶1): 7 个非空slot
行[248] = (主桶82, 子桶2): 4 个非空slot
行[249] = (主桶83, 子桶0): 24 个非空slot
行[250] = (主桶83, 子桶1): 15 个非空slot
行[251] = (主桶83, 子桶2): 2 个非空slot
行[252] = (主桶84, 子桶0): 18 个非空slot
行[253] = (主桶84, 子桶1): 7 个非空slot
行[254] = (主桶84, 子桶2): 3 个非空slot
行[255] = (主桶85, 子桶0): 17 个非空slot
行[256] = (主桶85, 子桶1): 6 个非空slot
行[257] = (主桶85, 子桶2): 2 个非空slot
行[258] = (主桶86, 子桶0): 19 个非空slot
行[259] = (主桶86, 子桶1): 13 个非空slot
行[260] = (主桶86, 子桶2): 1 个非空slot
行[261] = (主桶87, 子桶0): 21 个非空slot
行[262] = (主桶87, 子桶1): 7 个非空slot
行[263] = (主桶87, 子桶2): 1 个非空slot
行[264] = (主桶88, 子桶0): 20 个非空slot
行[265] = (主桶88, 子桶1): 10 个非空slot
行[266] = (主桶88, 子桶2): 1 个非空slot
行[267] = (主桶89, 子桶0): 24 个非空slot
行[268] = (主桶89, 子桶1): 18 个非空slot
行[269] = (主桶89, 子桶2): 4 个非空slot
行[270] = (主桶90, 子桶0): 22 个非空slot
行[271] = (主桶90, 子桶1): 7 个非空slot
行[272] = (主桶90, 子桶2): 1 个非空slot
行[273] = (主桶91, 子桶0): 26 个非空slot
行[274] = (主桶91, 子桶1): 10 个非空slot
行[275] = (主桶91, 子桶2): 1 个非空slot
行[276] = (主桶92, 子桶0): 22 个非空slot
行[277] = (主桶92, 子桶1): 8 个非空slot
行[278] = (主桶92, 子桶2): 1 个非空slot
行[279] = (主桶93, 子桶0): 22 个非空slot
行[280] = (主桶93, 子桶1): 9 个非空slot
行[281] = (主桶93, 子桶2): 1 个非空slot
行[282] = (主桶94, 子桶0): 23 个非空slot
行[283] = (主桶94, 子桶1): 10 个非空slot
行[284] = (主桶94, 子桶2): 1 个非空slot
行[285] = (主桶95, 子桶0): 16 个非空slot
行[286] = (主桶95, 子桶1): 7 个非空slot
行[287] = (主桶95, 子桶2): 0 个非空slot
行[288] = (主桶96, 子桶0): 16 个非空slot
行[289] = (主桶96, 子桶1): 5 个非空slot
行[290] = (主桶96, 子桶2): 0 个非空slot
行[291] = (主桶97, 子桶0): 21 个非空slot
行[292] = (主桶97, 子桶1): 9 个非空slot
行[293] = (主桶97, 子桶2): 2 个非空slot
行[294] = (主桶98, 子桶0): 19 个非空slot
行[295] = (主桶98, 子桶1): 7 个非空slot
行[296] = (主桶98, 子桶2): 0 个非空slot
行[297] = (主桶99, 子桶0): 19 个非空slot
行[298] = (主桶99, 子桶1): 10 个非空slot
行[299] = (主桶99, 子桶2): 2 个非空slot
行[300] = (主桶100, 子桶0): 24 个非空slot
行[301] = (主桶100, 子桶1): 12 个非空slot
行[302] = (主桶100, 子桶2): 2 个非空slot
行[303] = (主桶101, 子桶0): 18 个非空slot
行[304] = (主桶101, 子桶1): 11 个非空slot
行[305] = (主桶101, 子桶2): 3 个非空slot
行[306] = (主桶102, 子桶0): 17 个非空slot
行[307] = (主桶102, 子桶1): 9 个非空slot
行[308] = (主桶102, 子桶2): 1 个非空slot
行[309] = (主桶103, 子桶0): 24 个非空slot
行[310] = (主桶103, 子桶1): 7 个非空slot
行[311] = (主桶103, 子桶2): 0 个非空slot
行[312] = (主桶104, 子桶0): 20 个非空slot
行[313] = (主桶104, 子桶1): 7 个非空slot
行[314] = (主桶104, 子桶2): 2 个非空slot
行[315] = (主桶105, 子桶0): 20 个非空slot
行[316] = (主桶105, 子桶1): 5 个非空slot
行[317] = (主桶105, 子桶2): 0 个非空slot
行[318] = (主桶106, 子桶0): 16 个非空slot
行[319] = (主桶106, 子桶1): 12 个非空slot
行[320] = (主桶106, 子桶2): 2 个非空slot
行[321] = (主桶107, 子桶0): 17 个非空slot
行[322] = (主桶107, 子桶1): 10 个非空slot
行[323] = (主桶107, 子桶2): 0 个非空slot
行[324] = (主桶108, 子桶0): 21 个非空slot
行[325] = (主桶108, 子桶1): 7 个非空slot
行[326] = (主桶108, 子桶2): 1 个非空slot
行[327] = (主桶109, 子桶0): 20 个非空slot
行[328] = (主桶109, 子桶1): 11 个非空slot
行[329] = (主桶109, 子桶2): 1 个非空slot
行[330] = (主桶110, 子桶0): 20 个非空slot
行[331] = (主桶110, 子桶1): 11 个非空slot
行[332] = (主桶110, 子桶2): 1 个非空slot
行[333] = (主桶111, 子桶0): 20 个非空slot
行[334] = (主桶111, 子桶1): 16 个非空slot
行[335] = (主桶111, 子桶2): 6 个非空slot
行[336] = (主桶112, 子桶0): 20 个非空slot
行[337] = (主桶112, 子桶1): 9 个非空slot
行[338] = (主桶112, 子桶2): 2 个非空slot
行[339] = (主桶113, 子桶0): 21 个非空slot
行[340] = (主桶113, 子桶1): 15 个非空slot
行[341] = (主桶113, 子桶2): 1 个非空slot
行[342] = (主桶114, 子桶0): 17 个非空slot
行[343] = (主桶114, 子桶1): 11 个非空slot
行[344] = (主桶114, 子桶2): 1 个非空slot
行[345] = (主桶115, 子桶0): 23 个非空slot
行[346] = (主桶115, 子桶1): 8 个非空slot
行[347] = (主桶115, 子桶2): 1 个非空slot
行[348] = (主桶116, 子桶0): 22 个非空slot
行[349] = (主桶116, 子桶1): 12 个非空slot
行[350] = (主桶116, 子桶2): 1 个非空slot
行[351] = (主桶117, 子桶0): 19 个非空slot
行[352] = (主桶117, 子桶1): 13 个非空slot
行[353] = (主桶117, 子桶2): 2 个非空slot
行[354] = (主桶118, 子桶0): 21 个非空slot
行[355] = (主桶118, 子桶1): 12 个非空slot
行[356] = (主桶118, 子桶2): 3 个非空slot
行[357] = (主桶119, 子桶0): 20 个非空slot
行[358] = (主桶119, 子桶1): 9 个非空slot
行[359] = (主桶119, 子桶2): 2 个非空slot
行[360] = (主桶120, 子桶0): 27 个非空slot
行[361] = (主桶120, 子桶1): 14 个非空slot
行[362] = (主桶120, 子桶2): 1 个非空slot
行[363] = (主桶121, 子桶0): 14 个非空slot
行[364] = (主桶121, 子桶1): 5 个非空slot
行[365] = (主桶121, 子桶2): 1 个非空slot
行[366] = (主桶122, 子桶0): 26 个非空slot
行[367] = (主桶122, 子桶1): 11 个非空slot
行[368] = (主桶122, 子桶2): 5 个非空slot
行[369] = (主桶123, 子桶0): 24 个非空slot
行[370] = (主桶123, 子桶1): 10 个非空slot
行[371] = (主桶123, 子桶2): 3 个非空slot
行[372] = (主桶124, 子桶0): 20 个非空slot
行[373] = (主桶124, 子桶1): 10 个非空slot
行[374] = (主桶124, 子桶2): 2 个非空slot
行[375] = (主桶125, 子桶0): 21 个非空slot
行[376] = (主桶125, 子桶1): 7 个非空slot
行[377] = (主桶125, 子桶2): 1 个非空slot
行[378] = (主桶126, 子桶0): 26 个非空slot
行[379] = (主桶126, 子桶1): 10 个非空slot
行[380] = (主桶126, 子桶2): 3 个非空slot
行[381] = (主桶127, 子桶0): 26 个非空slot
行[382] = (主桶127, 子桶1): 17 个非空slot
行[383] = (主桶127, 子桶2): 1 个非空slot
行[384] = (主桶128, 子桶0): 23 个非空slot
行[385] = (主桶128, 子桶1): 8 个非空slot
行[386] = (主桶128, 子桶2): 2 个非空slot
行[387] = (主桶129, 子桶0): 20 个非空slot
行[388] = (主桶129, 子桶1): 9 个非空slot
行[389] = (主桶129, 子桶2): 1 个非空slot
行[390] = (主桶130, 子桶0): 20 个非空slot
行[391] = (主桶130, 子桶1): 9 个非空slot
行[392] = (主桶130, 子桶2): 0 个非空slot
行[393] = (主桶131, 子桶0): 21 个非空slot
行[394] = (主桶131, 子桶1): 8 个非空slot
行[395] = (主桶131, 子桶2): 0 个非空slot
行[396] = (主桶132, 子桶0): 19 个非空slot
行[397] = (主桶132, 子桶1): 11 个非空slot
行[398] = (主桶132, 子桶2): 0 个非空slot
行[399] = (主桶133, 子桶0): 19 个非空slot
行[400] = (主桶133, 子桶1): 8 个非空slot
行[401] = (主桶133, 子桶2): 3 个非空slot
行[402] = (主桶134, 子桶0): 24 个非空slot
行[403] = (主桶134, 子桶1): 14 个非空slot
行[404] = (主桶134, 子桶2): 0 个非空slot
行[405] = (主桶135, 子桶0): 22 个非空slot
行[406] = (主桶135, 子桶1): 7 个非空slot
行[407] = (主桶135, 子桶2): 0 个非空slot
行[408] = (主桶136, 子桶0): 19 个非空slot
行[409] = (主桶136, 子桶1): 4 个非空slot
行[410] = (主桶136, 子桶2): 0 个非空slot
行[411] = (主桶137, 子桶0): 22 个非空slot
行[412] = (主桶137, 子桶1): 11 个非空slot
行[413] = (主桶137, 子桶2): 1 个非空slot
行[414] = (主桶138, 子桶0): 20 个非空slot
行[415] = (主桶138, 子桶1): 12 个非空slot
行[416] = (主桶138, 子桶2): 1 个非空slot
行[417] = (主桶139, 子桶0): 21 个非空slot
行[418] = (主桶139, 子桶1): 6 个非空slot
行[419] = (主桶139, 子桶2): 1 个非空slot
行[420] = (主桶140, 子桶0): 26 个非空slot
行[421] = (主桶140, 子桶1): 10 个非空slot
行[422] = (主桶140, 子桶2): 3 个非空slot
行[423] = (主桶141, 子桶0): 21 个非空slot
行[424] = (主桶141, 子桶1): 12 个非空slot
行[425] = (主桶141, 子桶2): 4 个非空slot
行[426] = (主桶142, 子桶0): 20 个非空slot
行[427] = (主桶142, 子桶1): 12 个非空slot
行[428] = (主桶142, 子桶2): 3 个非空slot
行[429] = (主桶143, 子桶0): 17 个非空slot
行[430] = (主桶143, 子桶1): 11 个非空slot
行[431] = (主桶143, 子桶2): 1 个非空slot
行[432] = (主桶144, 子桶0): 22 个非空slot
行[433] = (主桶144, 子桶1): 16 个非空slot
行[434] = (主桶144, 子桶2): 2 个非空slot
行[435] = (主桶145, 子桶0): 17 个非空slot
行[436] = (主桶145, 子桶1): 5 个非空slot
行[437] = (主桶145, 子桶2): 0 个非空slot
行[438] = (主桶146, 子桶0): 20 个非空slot
行[439] = (主桶146, 子桶1): 9 个非空slot
行[440] = (主桶146, 子桶2): 1 个非空slot
行[441] = (主桶147, 子桶0): 20 个非空slot
行[442] = (主桶147, 子桶1): 8 个非空slot
行[443] = (主桶147, 子桶2): 0 个非空slot
行[444] = (主桶148, 子桶0): 23 个非空slot
行[445] = (主桶148, 子桶1): 10 个非空slot
行[446] = (主桶148, 子桶2): 3 个非空slot
行[447] = (主桶149, 子桶0): 14 个非空slot
行[448] = (主桶149, 子桶1): 7 个非空slot
行[449] = (主桶149, 子桶2): 1 个非空slot
行[450] = (主桶150, 子桶0): 21 个非空slot
行[451] = (主桶150, 子桶1): 9 个非空slot
行[452] = (主桶150, 子桶2): 2 个非空slot
行[453] = (主桶151, 子桶0): 22 个非空slot
行[454] = (主桶151, 子桶1): 5 个非空slot
行[455] = (主桶151, 子桶2): 2 个非空slot
行[456] = (主桶152, 子桶0): 14 个非空slot
行[457] = (主桶152, 子桶1): 9 个非空slot
行[458] = (主桶152, 子桶2): 0 个非空slot
行[459] = (主桶153, 子桶0): 16 个非空slot
行[460] = (主桶153, 子桶1): 4 个非空slot
行[461] = (主桶153, 子桶2): 0 个非空slot
行[462] = (主桶154, 子桶0): 19 个非空slot
行[463] = (主桶154, 子桶1): 11 个非空slot
行[464] = (主桶154, 子桶2): 0 个非空slot
行[465] = (主桶155, 子桶0): 22 个非空slot
行[466] = (主桶155, 子桶1): 7 个非空slot
行[467] = (主桶155, 子桶2): 1 个非空slot
行[468] = (主桶156, 子桶0): 21 个非空slot
行[469] = (主桶156, 子桶1): 11 个非空slot
行[470] = (主桶156, 子桶2): 1 个非空slot
行[471] = (主桶157, 子桶0): 20 个非空slot
行[472] = (主桶157, 子桶1): 5 个非空slot
行[473] = (主桶157, 子桶2): 1 个非空slot
行[474] = (主桶158, 子桶0): 20 个非空slot
行[475] = (主桶158, 子桶1): 10 个非空slot
行[476] = (主桶158, 子桶2): 3 个非空slot
行[477] = (主桶159, 子桶0): 18 个非空slot
行[478] = (主桶159, 子桶1): 6 个非空slot
行[479] = (主桶159, 子桶2): 0 个非空slot
行[480] = (主桶160, 子桶0): 24 个非空slot
行[481] = (主桶160, 子桶1): 11 个非空slot
行[482] = (主桶160, 子桶2): 1 个非空slot
行[483] = (主桶161, 子桶0): 20 个非空slot
行[484] = (主桶161, 子桶1): 15 个非空slot
行[485] = (主桶161, 子桶2): 4 个非空slot
行[486] = (主桶162, 子桶0): 21 个非空slot
行[487] = (主桶162, 子桶1): 9 个非空slot
行[488] = (主桶162, 子桶2): 1 个非空slot
行[489] = (主桶163, 子桶0): 19 个非空slot
行[490] = (主桶163, 子桶1): 9 个非空slot
行[491] = (主桶163, 子桶2): 2 个非空slot
行[492] = (主桶164, 子桶0): 18 个非空slot
行[493] = (主桶164, 子桶1): 10 个非空slot
行[494] = (主桶164, 子桶2): 1 个非空slot
行[495] = (主桶165, 子桶0): 20 个非空slot
行[496] = (主桶165, 子桶1): 7 个非空slot
行[497] = (主桶165, 子桶2): 2 个非空slot
行[498] = (主桶166, 子桶0): 18 个非空slot
行[499] = (主桶166, 子桶1): 9 个非空slot
行[500] = (主桶166, 子桶2): 1 个非空slot
行[501] = (主桶167, 子桶0): 24 个非空slot
行[502] = (主桶167, 子桶1): 13 个非空slot
行[503] = (主桶167, 子桶2): 2 个非空slot
行[504] = (主桶168, 子桶0): 21 个非空slot
行[505] = (主桶168, 子桶1): 13 个非空slot
行[506] = (主桶168, 子桶2): 2 个非空slot
行[507] = (主桶169, 子桶0): 23 个非空slot
行[508] = (主桶169, 子桶1): 11 个非空slot
行[509] = (主桶169, 子桶2): 3 个非空slot
行[510] = (主桶170, 子桶0): 20 个非空slot
行[511] = (主桶170, 子桶1): 10 个非空slot
行[512] = (主桶170, 子桶2): 2 个非空slot
行[513] = (主桶171, 子桶0): 22 个非空slot
行[514] = (主桶171, 子桶1): 4 个非空slot
行[515] = (主桶171, 子桶2): 1 个非空slot
行[516] = (主桶172, 子桶0): 22 个非空slot
行[517] = (主桶172, 子桶1): 11 个非空slot
行[518] = (主桶172, 子桶2): 0 个非空slot
行[519] = (主桶173, 子桶0): 21 个非空slot
行[520] = (主桶173, 子桶1): 9 个非空slot
行[521] = (主桶173, 子桶2): 1 个非空slot
行[522] = (主桶174, 子桶0): 21 个非空slot
行[523] = (主桶174, 子桶1): 15 个非空slot
行[524] = (主桶174, 子桶2): 2 个非空slot
行[525] = (主桶175, 子桶0): 23 个非空slot
行[526] = (主桶175, 子桶1): 6 个非空slot
行[527] = (主桶175, 子桶2): 2 个非空slot
行[528] = (主桶176, 子桶0): 16 个非空slot
行[529] = (主桶176, 子桶1): 7 个非空slot
行[530] = (主桶176, 子桶2): 0 个非空slot
行[531] = (主桶177, 子桶0): 14 个非空slot
行[532] = (主桶177, 子桶1): 8 个非空slot
行[533] = (主桶177, 子桶2): 0 个非空slot
行[534] = (主桶178, 子桶0): 22 个非空slot
行[535] = (主桶178, 子桶1): 11 个非空slot
行[536] = (主桶178, 子桶2): 5 个非空slot
行[537] = (主桶179, 子桶0): 22 个非空slot
行[538] = (主桶179, 子桶1): 9 个非空slot
行[539] = (主桶179, 子桶2): 0 个非空slot
行[540] = (主桶180, 子桶0): 23 个非空slot
行[541] = (主桶180, 子桶1): 11 个非空slot
行[542] = (主桶180, 子桶2): 5 个非空slot
行[543] = (主桶181, 子桶0): 21 个非空slot
行[544] = (主桶181, 子桶1): 12 个非空slot
行[545] = (主桶181, 子桶2): 2 个非空slot
行[546] = (主桶182, 子桶0): 25 个非空slot
行[547] = (主桶182, 子桶1): 12 个非空slot
行[548] = (主桶182, 子桶2): 4 个非空slot
行[549] = (主桶183, 子桶0): 21 个非空slot
行[550] = (主桶183, 子桶1): 15 个非空slot
行[551] = (主桶183, 子桶2): 1 个非空slot
行[552] = (主桶184, 子桶0): 18 个非空slot
行[553] = (主桶184, 子桶1): 13 个非空slot
行[554] = (主桶184, 子桶2): 1 个非空slot
行[555] = (主桶185, 子桶0): 20 个非空slot
行[556] = (主桶185, 子桶1): 5 个非空slot
行[557] = (主桶185, 子桶2): 0 个非空slot
行[558] = (主桶186, 子桶0): 21 个非空slot
行[559] = (主桶186, 子桶1): 12 个非空slot
行[560] = (主桶186, 子桶2): 2 个非空slot
行[561] = (主桶187, 子桶0): 27 个非空slot
行[562] = (主桶187, 子桶1): 12 个非空slot
行[563] = (主桶187, 子桶2): 2 个非空slot
行[564] = (主桶188, 子桶0): 24 个非空slot
行[565] = (主桶188, 子桶1): 12 个非空slot
行[566] = (主桶188, 子桶2): 3 个非空slot
行[567] = (主桶189, 子桶0): 20 个非空slot
行[568] = (主桶189, 子桶1): 13 个非空slot
行[569] = (主桶189, 子桶2): 3 个非空slot
行[570] = (主桶190, 子桶0): 25 个非空slot
行[571] = (主桶190, 子桶1): 16 个非空slot
行[572] = (主桶190, 子桶2): 1 个非空slot
行[573] = (主桶191, 子桶0): 22 个非空slot
行[574] = (主桶191, 子桶1): 16 个非空slot
行[575] = (主桶191, 子桶2): 0 个非空slot
行[576] = (主桶192, 子桶0): 25 个非空slot
行[577] = (主桶192, 子桶1): 7 个非空slot
行[578] = (主桶192, 子桶2): 1 个非空slot
行[579] = (主桶193, 子桶0): 24 个非空slot
行[580] = (主桶193, 子桶1): 11 个非空slot
行[581] = (主桶193, 子桶2): 0 个非空slot
行[582] = (主桶194, 子桶0): 23 个非空slot
行[583] = (主桶194, 子桶1): 9 个非空slot
行[584] = (主桶194, 子桶2): 5 个非空slot
行[585] = (主桶195, 子桶0): 24 个非空slot
行[586] = (主桶195, 子桶1): 7 个非空slot
行[587] = (主桶195, 子桶2): 1 个非空slot
行[588] = (主桶196, 子桶0): 19 个非空slot
行[589] = (主桶196, 子桶1): 10 个非空slot
行[590] = (主桶196, 子桶2): 2 个非空slot
行[591] = (主桶197, 子桶0): 26 个非空slot
行[592] = (主桶197, 子桶1): 8 个非空slot
行[593] = (主桶197, 子桶2): 0 个非空slot
行[594] = (主桶198, 子桶0): 17 个非空slot
行[595] = (主桶198, 子桶1): 7 个非空slot
行[596] = (主桶198, 子桶2): 1 个非空slot
行[597] = (主桶199, 子桶0): 22 个非空slot
行[598] = (主桶199, 子桶1): 6 个非空slot
行[599] = (主桶199, 子桶2): 0 个非空slot
行[600] = (主桶200, 子桶0): 22 个非空slot
行[601] = (主桶200, 子桶1): 14 个非空slot
行[602] = (主桶200, 子桶2): 2 个非空slot
行[603] = (主桶201, 子桶0): 20 个非空slot
行[604] = (主桶201, 子桶1): 9 个非空slot
行[605] = (主桶201, 子桶2): 2 个非空slot
行[606] = (主桶202, 子桶0): 20 个非空slot
行[607] = (主桶202, 子桶1): 8 个非空slot
行[608] = (主桶202, 子桶2): 0 个非空slot
行[609] = (主桶203, 子桶0): 25 个非空slot
行[610] = (主桶203, 子桶1): 10 个非空slot
行[611] = (主桶203, 子桶2): 1 个非空slot
行[612] = (主桶204, 子桶0): 19 个非空slot
行[613] = (主桶204, 子桶1): 4 个非空slot
行[614] = (主桶204, 子桶2): 1 个非空slot
行[615] = (主桶205, 子桶0): 21 个非空slot
行[616] = (主桶205, 子桶1): 5 个非空slot
行[617] = (主桶205, 子桶2): 1 个非空slot
行[618] = (主桶206, 子桶0): 20 个非空slot
行[619] = (主桶206, 子桶1): 7 个非空slot
行[620] = (主桶206, 子桶2): 2 个非空slot
行[621] = (主桶207, 子桶0): 24 个非空slot
行[622] = (主桶207, 子桶1): 8 个非空slot
行[623] = (主桶207, 子桶2): 0 个非空slot
行[624] = (主桶208, 子桶0): 25 个非空slot
行[625] = (主桶208, 子桶1): 12 个非空slot
行[626] = (主桶208, 子桶2): 2 个非空slot
行[627] = (主桶209, 子桶0): 18 个非空slot
行[628] = (主桶209, 子桶1): 5 个非空slot
行[629] = (主桶209, 子桶2): 0 个非空slot
行[630] = (主桶210, 子桶0): 20 个非空slot
行[631] = (主桶210, 子桶1): 6 个非空slot
行[632] = (主桶210, 子桶2): 1 个非空slot
行[633] = (主桶211, 子桶0): 19 个非空slot
行[634] = (主桶211, 子桶1): 10 个非空slot
行[635] = (主桶211, 子桶2): 1 个非空slot
行[636] = (主桶212, 子桶0): 25 个非空slot
行[637] = (主桶212, 子桶1): 5 个非空slot
行[638] = (主桶212, 子桶2): 2 个非空slot
行[639] = (主桶213, 子桶0): 18 个非空slot
行[640] = (主桶213, 子桶1): 8 个非空slot
行[641] = (主桶213, 子桶2): 1 个非空slot
行[642] = (主桶214, 子桶0): 21 个非空slot
行[643] = (主桶214, 子桶1): 10 个非空slot
行[644] = (主桶214, 子桶2): 3 个非空slot
行[645] = (主桶215, 子桶0): 21 个非空slot
行[646] = (主桶215, 子桶1): 8 个非空slot
行[647] = (主桶215, 子桶2): 3 个非空slot
行[648] = (主桶216, 子桶0): 19 个非空slot
行[649] = (主桶216, 子桶1): 11 个非空slot
行[650] = (主桶216, 子桶2): 0 个非空slot
行[651] = (主桶217, 子桶0): 18 个非空slot
行[652] = (主桶217, 子桶1): 7 个非空slot
行[653] = (主桶217, 子桶2): 0 个非空slot
行[654] = (主桶218, 子桶0): 19 个非空slot
行[655] = (主桶218, 子桶1): 13 个非空slot
行[656] = (主桶218, 子桶2): 4 个非空slot
行[657] = (主桶219, 子桶0): 18 个非空slot
行[658] = (主桶219, 子桶1): 9 个非空slot
行[659] = (主桶219, 子桶2): 2 个非空slot
行[660] = (主桶220, 子桶0): 17 个非空slot
行[661] = (主桶220, 子桶1): 6 个非空slot
行[662] = (主桶220, 子桶2): 1 个非空slot
行[663] = (主桶221, 子桶0): 22 个非空slot
行[664] = (主桶221, 子桶1): 13 个非空slot
行[665] = (主桶221, 子桶2): 0 个非空slot
行[666] = (主桶222, 子桶0): 23 个非空slot
行[667] = (主桶222, 子桶1): 13 个非空slot
行[668] = (主桶222, 子桶2): 2 个非空slot
行[669] = (主桶223, 子桶0): 20 个非空slot
行[670] = (主桶223, 子桶1): 14 个非空slot
行[671] = (主桶223, 子桶2): 2 个非空slot
行[672] = (主桶224, 子桶0): 17 个非空slot
行[673] = (主桶224, 子桶1): 13 个非空slot
行[674] = (主桶224, 子桶2): 2 个非空slot
行[675] = (主桶225, 子桶0): 22 个非空slot
行[676] = (主桶225, 子桶1): 9 个非空slot
行[677] = (主桶225, 子桶2): 1 个非空slot
行[678] = (主桶226, 子桶0): 20 个非空slot
行[679] = (主桶226, 子桶1): 11 个非空slot
行[680] = (主桶226, 子桶2): 1 个非空slot
行[681] = (主桶227, 子桶0): 23 个非空slot
行[682] = (主桶227, 子桶1): 11 个非空slot
行[683] = (主桶227, 子桶2): 3 个非空slot
行[684] = (主桶228, 子桶0): 19 个非空slot
行[685] = (主桶228, 子桶1): 6 个非空slot
行[686] = (主桶228, 子桶2): 2 个非空slot
行[687] = (主桶229, 子桶0): 23 个非空slot
行[688] = (主桶229, 子桶1): 9 个非空slot
行[689] = (主桶229, 子桶2): 3 个非空slot
行[690] = (主桶230, 子桶0): 22 个非空slot
行[691] = (主桶230, 子桶1): 10 个非空slot
行[692] = (主桶230, 子桶2): 2 个非空slot
行[693] = (主桶231, 子桶0): 15 个非空slot
行[694] = (主桶231, 子桶1): 6 个非空slot
行[695] = (主桶231, 子桶2): 0 个非空slot
行[696] = (主桶232, 子桶0): 15 个非空slot
行[697] = (主桶232, 子桶1): 7 个非空slot
行[698] = (主桶232, 子桶2): 2 个非空slot
行[699] = (主桶233, 子桶0): 21 个非空slot
行[700] = (主桶233, 子桶1): 10 个非空slot
行[701] = (主桶233, 子桶2): 2 个非空slot
行[702] = (主桶234, 子桶0): 18 个非空slot
行[703] = (主桶234, 子桶1): 7 个非空slot
行[704] = (主桶234, 子桶2): 0 个非空slot
行[705] = (主桶235, 子桶0): 21 个非空slot
行[706] = (主桶235, 子桶1): 7 个非空slot
行[707] = (主桶235, 子桶2): 2 个非空slot
行[708] = (主桶236, 子桶0): 18 个非空slot
行[709] = (主桶236, 子桶1): 10 个非空slot
行[710] = (主桶236, 子桶2): 2 个非空slot
行[711] = (主桶237, 子桶0): 17 个非空slot
行[712] = (主桶237, 子桶1): 12 个非空slot
行[713] = (主桶237, 子桶2): 5 个非空slot
行[714] = (主桶238, 子桶0): 18 个非空slot
行[715] = (主桶238, 子桶1): 7 个非空slot
行[716] = (主桶238, 子桶2): 2 个非空slot
行[717] = (主桶239, 子桶0): 21 个非空slot
行[718] = (主桶239, 子桶1): 10 个非空slot
行[719] = (主桶239, 子桶2): 3 个非空slot
行[720] = (主桶240, 子桶0): 21 个非空slot
行[721] = (主桶240, 子桶1): 8 个非空slot
行[722] = (主桶240, 子桶2): 0 个非空slot
行[723] = (主桶241, 子桶0): 26 个非空slot
行[724] = (主桶241, 子桶1): 12 个非空slot
行[725] = (主桶241, 子桶2): 2 个非空slot
行[726] = (主桶242, 子桶0): 21 个非空slot
行[727] = (主桶242, 子桶1): 9 个非空slot
行[728] = (主桶242, 子桶2): 0 个非空slot
行[729] = (主桶243, 子桶0): 21 个非空slot
行[730] = (主桶243, 子桶1): 8 个非空slot
行[731] = (主桶243, 子桶2): 0 个非空slot
行[732] = (主桶244, 子桶0): 23 个非空slot
行[733] = (主桶244, 子桶1): 14 个非空slot
行[734] = (主桶244, 子桶2): 1 个非空slot
行[735] = (主桶245, 子桶0): 18 个非空slot
行[736] = (主桶245, 子桶1): 9 个非空slot
行[737] = (主桶245, 子桶2): 1 个非空slot
行[738] = (主桶246, 子桶0): 21 个非空slot
行[739] = (主桶246, 子桶1): 6 个非空slot
行[740] = (主桶246, 子桶2): 1 个非空slot
行[741] = (主桶247, 子桶0): 18 个非空slot
行[742] = (主桶247, 子桶1): 11 个非空slot
行[743] = (主桶247, 子桶2): 1 个非空slot
行[744] = (主桶248, 子桶0): 21 个非空slot
行[745] = (主桶248, 子桶1): 9 个非空slot
行[746] = (主桶248, 子桶2): 0 个非空slot
行[747] = (主桶249, 子桶0): 22 个非空slot
行[748] = (主桶249, 子桶1): 12 个非空slot
行[749] = (主桶249, 子桶2): 0 个非空slot
行[750] = (主桶250, 子桶0): 22 个非空slot
行[751] = (主桶250, 子桶1): 13 个非空slot
行[752] = (主桶250, 子桶2): 3 个非空slot
行[753] = (主桶251, 子桶0): 22 个非空slot
行[754] = (主桶251, 子桶1): 10 个非空slot
行[755] = (主桶251, 子桶2): 0 个非空slot
行[756] = (主桶252, 子桶0): 28 个非空slot
行[757] = (主桶252, 子桶1): 10 个非空slot
行[758] = (主桶252, 子桶2): 4 个非空slot
行[759] = (主桶253, 子桶0): 25 个非空slot
行[760] = (主桶253, 子桶1): 16 个非空slot
行[761] = (主桶253, 子桶2): 5 个非空slot
行[762] = (主桶254, 子桶0): 20 个非空slot
行[763] = (主桶254, 子桶1): 15 个非空slot
行[764] = (主桶254, 子桶2): 0 个非空slot
行[765] = (主桶255, 子桶0): 15 个非空slot
行[766] = (主桶255, 子桶1): 5 个非空slot
行[767] = (主桶255, 子桶2): 1 个非空slot
行[768] = (主桶256, 子桶0): 27 个非空slot
行[769] = (主桶256, 子桶1): 14 个非空slot
行[770] = (主桶256, 子桶2): 2 个非空slot
行[771] = (主桶257, 子桶0): 19 个非空slot
行[772] = (主桶257, 子桶1): 6 个非空slot
行[773] = (主桶257, 子桶2): 3 个非空slot
行[774] = (主桶258, 子桶0): 23 个非空slot
行[775] = (主桶258, 子桶1): 10 个非空slot
行[776] = (主桶258, 子桶2): 1 个非空slot
行[777] = (主桶259, 子桶0): 22 个非空slot
行[778] = (主桶259, 子桶1): 7 个非空slot
行[779] = (主桶259, 子桶2): 0 个非空slot
行[780] = (主桶260, 子桶0): 21 个非空slot
行[781] = (主桶260, 子桶1): 12 个非空slot
行[782] = (主桶260, 子桶2): 2 个非空slot
行[783] = (主桶261, 子桶0): 22 个非空slot
行[784] = (主桶261, 子桶1): 11 个非空slot
行[785] = (主桶261, 子桶2): 2 个非空slot
行[786] = (主桶262, 子桶0): 16 个非空slot
行[787] = (主桶262, 子桶1): 4 个非空slot
行[788] = (主桶262, 子桶2): 1 个非空slot
行[789] = (主桶263, 子桶0): 21 个非空slot
行[790] = (主桶263, 子桶1): 7 个非空slot
行[791] = (主桶263, 子桶2): 1 个非空slot
行[792] = (主桶264, 子桶0): 26 个非空slot
行[793] = (主桶264, 子桶1): 14 个非空slot
行[794] = (主桶264, 子桶2): 1 个非空slot
行[795] = (主桶265, 子桶0): 20 个非空slot
行[796] = (主桶265, 子桶1): 4 个非空slot
行[797] = (主桶265, 子桶2): 0 个非空slot
行[798] = (主桶266, 子桶0): 17 个非空slot
行[799] = (主桶266, 子桶1): 12 个非空slot
行[800] = (主桶266, 子桶2): 2 个非空slot
行[801] = (主桶267, 子桶0): 15 个非空slot
行[802] = (主桶267, 子桶1): 11 个非空slot
行[803] = (主桶267, 子桶2): 4 个非空slot
行[804] = (主桶268, 子桶0): 19 个非空slot
行[805] = (主桶268, 子桶1): 7 个非空slot
行[806] = (主桶268, 子桶2): 1 个非空slot
行[807] = (主桶269, 子桶0): 20 个非空slot
行[808] = (主桶269, 子桶1): 8 个非空slot
行[809] = (主桶269, 子桶2): 1 个非空slot
行[810] = (主桶270, 子桶0): 21 个非空slot
行[811] = (主桶270, 子桶1): 5 个非空slot
行[812] = (主桶270, 子桶2): 2 个非空slot
行[813] = (主桶271, 子桶0): 17 个非空slot
行[814] = (主桶271, 子桶1): 6 个非空slot
行[815] = (主桶271, 子桶2): 0 个非空slot
行[816] = (主桶272, 子桶0): 21 个非空slot
行[817] = (主桶272, 子桶1): 10 个非空slot
行[818] = (主桶272, 子桶2): 1 个非空slot
行[819] = (主桶273, 子桶0): 23 个非空slot
行[820] = (主桶273, 子桶1): 12 个非空slot
行[821] = (主桶273, 子桶2): 4 个非空slot
行[822] = (主桶274, 子桶0): 26 个非空slot
行[823] = (主桶274, 子桶1): 21 个非空slot
行[824] = (主桶274, 子桶2): 11 个非空slot
行[825] = (主桶275, 子桶0): 16 个非空slot
行[826] = (主桶275, 子桶1): 6 个非空slot
行[827] = (主桶275, 子桶2): 0 个非空slot
行[828] = (主桶276, 子桶0): 21 个非空slot
行[829] = (主桶276, 子桶1): 11 个非空slot
行[830] = (主桶276, 子桶2): 2 个非空slot
行[831] = (主桶277, 子桶0): 21 个非空slot
行[832] = (主桶277, 子桶1): 9 个非空slot
行[833] = (主桶277, 子桶2): 0 个非空slot
行[834] = (主桶278, 子桶0): 20 个非空slot
行[835] = (主桶278, 子桶1): 12 个非空slot
行[836] = (主桶278, 子桶2): 4 个非空slot
行[837] = (主桶279, 子桶0): 24 个非空slot
行[838] = (主桶279, 子桶1): 9 个非空slot
行[839] = (主桶279, 子桶2): 2 个非空slot
行[840] = (主桶280, 子桶0): 15 个非空slot
行[841] = (主桶280, 子桶1): 8 个非空slot
行[842] = (主桶280, 子桶2): 0 个非空slot
行[843] = (主桶281, 子桶0): 22 个非空slot
行[844] = (主桶281, 子桶1): 12 个非空slot
行[845] = (主桶281, 子桶2): 3 个非空slot
行[846] = (主桶282, 子桶0): 20 个非空slot
行[847] = (主桶282, 子桶1): 9 个非空slot
行[848] = (主桶282, 子桶2): 0 个非空slot
行[849] = (主桶283, 子桶0): 20 个非空slot
行[850] = (主桶283, 子桶1): 10 个非空slot
行[851] = (主桶283, 子桶2): 0 个非空slot
行[852] = (主桶284, 子桶0): 19 个非空slot
行[853] = (主桶284, 子桶1): 12 个非空slot
行[854] = (主桶284, 子桶2): 0 个非空slot
行[855] = (主桶285, 子桶0): 17 个非空slot
行[856] = (主桶285, 子桶1): 13 个非空slot
行[857] = (主桶285, 子桶2): 5 个非空slot
行[858] = (主桶286, 子桶0): 21 个非空slot
行[859] = (主桶286, 子桶1): 12 个非空slot
行[860] = (主桶286, 子桶2): 4 个非空slot
行[861] = (主桶287, 子桶0): 20 个非空slot
行[862] = (主桶287, 子桶1): 6 个非空slot
行[863] = (主桶287, 子桶2): 2 个非空slot
行[864] = (主桶288, 子桶0): 25 个非空slot
行[865] = (主桶288, 子桶1): 13 个非空slot
行[866] = (主桶288, 子桶2): 0 个非空slot
行[867] = (主桶289, 子桶0): 24 个非空slot
行[868] = (主桶289, 子桶1): 14 个非空slot
行[869] = (主桶289, 子桶2): 6 个非空slot
行[870] = (主桶290, 子桶0): 21 个非空slot
行[871] = (主桶290, 子桶1): 4 个非空slot
行[872] = (主桶290, 子桶2): 0 个非空slot
行[873] = (主桶291, 子桶0): 23 个非空slot
行[874] = (主桶291, 子桶1): 13 个非空slot
行[875] = (主桶291, 子桶2): 3 个非空slot
行[876] = (主桶292, 子桶0): 19 个非空slot
行[877] = (主桶292, 子桶1): 12 个非空slot
行[878] = (主桶292, 子桶2): 1 个非空slot
行[879] = (主桶293, 子桶0): 17 个非空slot
行[880] = (主桶293, 子桶1): 6 个非空slot
行[881] = (主桶293, 子桶2): 1 个非空slot
行[882] = (主桶294, 子桶0): 21 个非空slot
行[883] = (主桶294, 子桶1): 5 个非空slot
行[884] = (主桶294, 子桶2): 2 个非空slot
行[885] = (主桶295, 子桶0): 25 个非空slot
行[886] = (主桶295, 子桶1): 10 个非空slot
行[887] = (主桶295, 子桶2): 3 个非空slot
行[888] = (主桶296, 子桶0): 20 个非空slot
行[889] = (主桶296, 子桶1): 15 个非空slot
行[890] = (主桶296, 子桶2): 1 个非空slot
行[891] = (主桶297, 子桶0): 23 个非空slot
行[892] = (主桶297, 子桶1): 11 个非空slot
行[893] = (主桶297, 子桶2): 2 个非空slot
行[894] = (主桶298, 子桶0): 19 个非空slot
行[895] = (主桶298, 子桶1): 9 个非空slot
行[896] = (主桶298, 子桶2): 1 个非空slot
行[897] = (主桶299, 子桶0): 24 个非空slot
行[898] = (主桶299, 子桶1): 11 个非空slot
行[899] = (主桶299, 子桶2): 3 个非空slot
行[900] = (主桶300, 子桶0): 24 个非空slot
行[901] = (主桶300, 子桶1): 11 个非空slot
行[902] = (主桶300, 子桶2): 2 个非空slot
行[903] = (主桶301, 子桶0): 22 个非空slot
行[904] = (主桶301, 子桶1): 10 个非空slot
行[905] = (主桶301, 子桶2): 2 个非空slot
行[906] = (主桶302, 子桶0): 21 个非空slot
行[907] = (主桶302, 子桶1): 7 个非空slot
行[908] = (主桶302, 子桶2): 1 个非空slot
行[909] = (主桶303, 子桶0): 21 个非空slot
行[910] = (主桶303, 子桶1): 10 个非空slot
行[911] = (主桶303, 子桶2): 0 个非空slot
行[912] = (主桶304, 子桶0): 19 个非空slot
行[913] = (主桶304, 子桶1): 6 个非空slot
行[914] = (主桶304, 子桶2): 0 个非空slot
行[915] = (主桶305, 子桶0): 21 个非空slot
行[916] = (主桶305, 子桶1): 13 个非空slot
行[917] = (主桶305, 子桶2): 3 个非空slot
行[918] = (主桶306, 子桶0): 23 个非空slot
行[919] = (主桶306, 子桶1): 7 个非空slot
行[920] = (主桶306, 子桶2): 1 个非空slot
行[921] = (主桶307, 子桶0): 15 个非空slot
行[922] = (主桶307, 子桶1): 11 个非空slot
行[923] = (主桶307, 子桶2): 0 个非空slot
行[924] = (主桶308, 子桶0): 26 个非空slot
行[925] = (主桶308, 子桶1): 12 个非空slot
行[926] = (主桶308, 子桶2): 2 个非空slot
行[927] = (主桶309, 子桶0): 21 个非空slot
行[928] = (主桶309, 子桶1): 10 个非空slot
行[929] = (主桶309, 子桶2): 1 个非空slot
行[930] = (主桶310, 子桶0): 22 个非空slot
行[931] = (主桶310, 子桶1): 7 个非空slot
行[932] = (主桶310, 子桶2): 2 个非空slot
行[933] = (主桶311, 子桶0): 23 个非空slot
行[934] = (主桶311, 子桶1): 9 个非空slot
行[935] = (主桶311, 子桶2): 1 个非空slot
行[936] = (主桶312, 子桶0): 21 个非空slot
行[937] = (主桶312, 子桶1): 9 个非空slot
行[938] = (主桶312, 子桶2): 1 个非空slot
行[939] = (主桶313, 子桶0): 22 个非空slot
行[940] = (主桶313, 子桶1): 11 个非空slot
行[941] = (主桶313, 子桶2): 4 个非空slot
行[942] = (主桶314, 子桶0): 27 个非空slot
行[943] = (主桶314, 子桶1): 12 个非空slot
行[944] = (主桶314, 子桶2): 3 个非空slot
行[945] = (主桶315, 子桶0): 16 个非空slot
行[946] = (主桶315, 子桶1): 15 个非空slot
行[947] = (主桶315, 子桶2): 2 个非空slot
行[948] = (主桶316, 子桶0): 18 个非空slot
行[949] = (主桶316, 子桶1): 7 个非空slot
行[950] = (主桶316, 子桶2): 2 个非空slot
行[951] = (主桶317, 子桶0): 18 个非空slot
行[952] = (主桶317, 子桶1): 8 个非空slot
行[953] = (主桶317, 子桶2): 2 个非空slot
行[954] = (主桶318, 子桶0): 20 个非空slot
行[955] = (主桶318, 子桶1): 7 个非空slot
行[956] = (主桶318, 子桶2): 0 个非空slot
行[957] = (主桶319, 子桶0): 24 个非空slot
行[958] = (主桶319, 子桶1): 6 个非空slot
行[959] = (主桶319, 子桶2): 0 个非空slot
行[960] = (主桶320, 子桶0): 19 个非空slot
行[961] = (主桶320, 子桶1): 11 个非空slot
行[962] = (主桶320, 子桶2): 2 个非空slot
行[963] = (主桶321, 子桶0): 14 个非空slot
行[964] = (主桶321, 子桶1): 6 个非空slot
行[965] = (主桶321, 子桶2): 0 个非空slot
行[966] = (主桶322, 子桶0): 21 个非空slot
行[967] = (主桶322, 子桶1): 9 个非空slot
行[968] = (主桶322, 子桶2): 3 个非空slot
行[969] = (主桶323, 子桶0): 27 个非空slot
行[970] = (主桶323, 子桶1): 11 个非空slot
行[971] = (主桶323, 子桶2): 2 个非空slot
行[972] = (主桶324, 子桶0): 17 个非空slot
行[973] = (主桶324, 子桶1): 9 个非空slot
行[974] = (主桶324, 子桶2): 0 个非空slot
行[975] = (主桶325, 子桶0): 15 个非空slot
行[976] = (主桶325, 子桶1): 4 个非空slot
行[977] = (主桶325, 子桶2): 0 个非空slot
行[978] = (主桶326, 子桶0): 22 个非空slot
行[979] = (主桶326, 子桶1): 13 个非空slot
行[980] = (主桶326, 子桶2): 3 个非空slot
行[981] = (主桶327, 子桶0): 27 个非空slot
行[982] = (主桶327, 子桶1): 9 个非空slot
行[983] = (主桶327, 子桶2): 1 个非空slot
行[984] = (主桶328, 子桶0): 21 个非空slot
行[985] = (主桶328, 子桶1): 12 个非空slot
行[986] = (主桶328, 子桶2): 3 个非空slot
行[987] = (主桶329, 子桶0): 19 个非空slot
行[988] = (主桶329, 子桶1): 11 个非空slot
行[989] = (主桶329, 子桶2): 0 个非空slot
行[990] = (主桶330, 子桶0): 20 个非空slot
行[991] = (主桶330, 子桶1): 9 个非空slot
行[992] = (主桶330, 子桶2): 0 个非空slot
行[993] = (主桶331, 子桶0): 21 个非空slot
行[994] = (主桶331, 子桶1): 10 个非空slot
行[995] = (主桶331, 子桶2): 4 个非空slot
行[996] = (主桶332, 子桶0): 18 个非空slot
行[997] = (主桶332, 子桶1): 6 个非空slot
行[998] = (主桶332, 子桶2): 1 个非空slot
行[999] = (主桶333, 子桶0): 18 个非空slot
行[1000] = (主桶333, 子桶1): 7 个非空slot
行[1001] = (主桶333, 子桶2): 1 个非空slot
行[1002] = (主桶334, 子桶0): 22 个非空slot
行[1003] = (主桶334, 子桶1): 7 个非空slot
行[1004] = (主桶334, 子桶2): 3 个非空slot
行[1005] = (主桶335, 子桶0): 20 个非空slot
行[1006] = (主桶335, 子桶1): 8 个非空slot
行[1007] = (主桶335, 子桶2): 0 个非空slot
行[1008] = (主桶336, 子桶0): 27 个非空slot
行[1009] = (主桶336, 子桶1): 10 个非空slot
行[1010] = (主桶336, 子桶2): 1 个非空slot
行[1011] = (主桶337, 子桶0): 20 个非空slot
行[1012] = (主桶337, 子桶1): 8 个非空slot
行[1013] = (主桶337, 子桶2): 1 个非空slot
行[1014] = (主桶338, 子桶0): 18 个非空slot
行[1015] = (主桶338, 子桶1): 8 个非空slot
行[1016] = (主桶338, 子桶2): 0 个非空slot
行[1017] = (主桶339, 子桶0): 21 个非空slot
行[1018] = (主桶339, 子桶1): 14 个非空slot
行[1019] = (主桶339, 子桶2): 3 个非空slot
行[1020] = (主桶340, 子桶0): 24 个非空slot
行[1021] = (主桶340, 子桶1): 15 个非空slot
行[1022] = (主桶340, 子桶2): 3 个非空slot
行[1023] = (主桶341, 子桶0): 20 个非空slot
行[1024] = (主桶341, 子桶1): 11 个非空slot
行[1025] = (主桶341, 子桶2): 1 个非空slot
行[1026] = (主桶342, 子桶0): 21 个非空slot
行[1027] = (主桶342, 子桶1): 11 个非空slot
行[1028] = (主桶342, 子桶2): 1 个非空slot
行[1029] = (主桶343, 子桶0): 16 个非空slot
行[1030] = (主桶343, 子桶1): 10 个非空slot
行[1031] = (主桶343, 子桶2): 3 个非空slot
行[1032] = (主桶344, 子桶0): 24 个非空slot
行[1033] = (主桶344, 子桶1): 17 个非空slot
行[1034] = (主桶344, 子桶2): 4 个非空slot
行[1035] = (主桶345, 子桶0): 23 个非空slot
行[1036] = (主桶345, 子桶1): 7 个非空slot
行[1037] = (主桶345, 子桶2): 1 个非空slot
行[1038] = (主桶346, 子桶0): 19 个非空slot
行[1039] = (主桶346, 子桶1): 14 个非空slot
行[1040] = (主桶346, 子桶2): 1 个非空slot
行[1041] = (主桶347, 子桶0): 17 个非空slot
行[1042] = (主桶347, 子桶1): 9 个非空slot
行[1043] = (主桶347, 子桶2): 1 个非空slot
行[1044] = (主桶348, 子桶0): 22 个非空slot
行[1045] = (主桶348, 子桶1): 10 个非空slot
行[1046] = (主桶348, 子桶2): 0 个非空slot
行[1047] = (主桶349, 子桶0): 17 个非空slot
行[1048] = (主桶349, 子桶1): 9 个非空slot
行[1049] = (主桶349, 子桶2): 3 个非空slot
行[1050] = (主桶350, 子桶0): 20 个非空slot
行[1051] = (主桶350, 子桶1): 8 个非空slot
行[1052] = (主桶350, 子桶2): 2 个非空slot
行[1053] = (主桶351, 子桶0): 15 个非空slot
行[1054] = (主桶351, 子桶1): 10 个非空slot
行[1055] = (主桶351, 子桶2): 1 个非空slot
行[1056] = (主桶352, 子桶0): 16 个非空slot
行[1057] = (主桶352, 子桶1): 7 个非空slot
行[1058] = (主桶352, 子桶2): 1 个非空slot
行[1059] = (主桶353, 子桶0): 23 个非空slot
行[1060] = (主桶353, 子桶1): 10 个非空slot
行[1061] = (主桶353, 子桶2): 0 个非空slot
行[1062] = (主桶354, 子桶0): 18 个非空slot
行[1063] = (主桶354, 子桶1): 8 个非空slot
行[1064] = (主桶354, 子桶2): 2 个非空slot
行[1065] = (主桶355, 子桶0): 21 个非空slot
行[1066] = (主桶355, 子桶1): 8 个非空slot
行[1067] = (主桶355, 子桶2): 1 个非空slot
行[1068] = (主桶356, 子桶0): 20 个非空slot
行[1069] = (主桶356, 子桶1): 12 个非空slot
行[1070] = (主桶356, 子桶2): 5 个非空slot
行[1071] = (主桶357, 子桶0): 19 个非空slot
行[1072] = (主桶357, 子桶1): 6 个非空slot
行[1073] = (主桶357, 子桶2): 1 个非空slot
行[1074] = (主桶358, 子桶0): 27 个非空slot
行[1075] = (主桶358, 子桶1): 15 个非空slot
行[1076] = (主桶358, 子桶2): 2 个非空slot
行[1077] = (主桶359, 子桶0): 23 个非空slot
行[1078] = (主桶359, 子桶1): 11 个非空slot
行[1079] = (主桶359, 子桶2): 1 个非空slot
行[1080] = (主桶360, 子桶0): 17 个非空slot
行[1081] = (主桶360, 子桶1): 9 个非空slot
行[1082] = (主桶360, 子桶2): 0 个非空slot
行[1083] = (主桶361, 子桶0): 17 个非空slot
行[1084] = (主桶361, 子桶1): 8 个非空slot
行[1085] = (主桶361, 子桶2): 0 个非空slot
行[1086] = (主桶362, 子桶0): 24 个非空slot
行[1087] = (主桶362, 子桶1): 14 个非空slot
行[1088] = (主桶362, 子桶2): 5 个非空slot
行[1089] = (主桶363, 子桶0): 20 个非空slot
行[1090] = (主桶363, 子桶1): 9 个非空slot
行[1091] = (主桶363, 子桶2): 0 个非空slot
行[1092] = (主桶364, 子桶0): 24 个非空slot
行[1093] = (主桶364, 子桶1): 16 个非空slot
行[1094] = (主桶364, 子桶2): 6 个非空slot
行[1095] = (主桶365, 子桶0): 17 个非空slot
行[1096] = (主桶365, 子桶1): 8 个非空slot
行[1097] = (主桶365, 子桶2): 4 个非空slot
行[1098] = (主桶366, 子桶0): 22 个非空slot
行[1099] = (主桶366, 子桶1): 11 个非空slot
行[1100] = (主桶366, 子桶2): 2 个非空slot
行[1101] = (主桶367, 子桶0): 25 个非空slot
行[1102] = (主桶367, 子桶1): 9 个非空slot
行[1103] = (主桶367, 子桶2): 2 个非空slot
行[1104] = (主桶368, 子桶0): 21 个非空slot
行[1105] = (主桶368, 子桶1): 10 个非空slot
行[1106] = (主桶368, 子桶2): 3 个非空slot
行[1107] = (主桶369, 子桶0): 15 个非空slot
行[1108] = (主桶369, 子桶1): 5 个非空slot
行[1109] = (主桶369, 子桶2): 1 个非空slot
行[1110] = (主桶370, 子桶0): 21 个非空slot
行[1111] = (主桶370, 子桶1): 12 个非空slot
行[1112] = (主桶370, 子桶2): 2 个非空slot
行[1113] = (主桶371, 子桶0): 21 个非空slot
行[1114] = (主桶371, 子桶1): 6 个非空slot
行[1115] = (主桶371, 子桶2): 1 个非空slot
行[1116] = (主桶372, 子桶0): 19 个非空slot
行[1117] = (主桶372, 子桶1): 8 个非空slot
行[1118] = (主桶372, 子桶2): 1 个非空slot
行[1119] = (主桶373, 子桶0): 24 个非空slot
行[1120] = (主桶373, 子桶1): 15 个非空slot
行[1121] = (主桶373, 子桶2): 4 个非空slot
行[1122] = (主桶374, 子桶0): 18 个非空slot
行[1123] = (主桶374, 子桶1): 12 个非空slot
行[1124] = (主桶374, 子桶2): 1 个非空slot
行[1125] = (主桶375, 子桶0): 24 个非空slot
行[1126] = (主桶375, 子桶1): 16 个非空slot
行[1127] = (主桶375, 子桶2): 2 个非空slot
行[1128] = (主桶376, 子桶0): 20 个非空slot
行[1129] = (主桶376, 子桶1): 6 个非空slot
行[1130] = (主桶376, 子桶2): 3 个非空slot
行[1131] = (主桶377, 子桶0): 26 个非空slot
行[1132] = (主桶377, 子桶1): 13 个非空slot
行[1133] = (主桶377, 子桶2): 3 个非空slot
行[1134] = (主桶378, 子桶0): 23 个非空slot
行[1135] = (主桶378, 子桶1): 13 个非空slot
行[1136] = (主桶378, 子桶2): 2 个非空slot
行[1137] = (主桶379, 子桶0): 18 个非空slot
行[1138] = (主桶379, 子桶1): 9 个非空slot
行[1139] = (主桶379, 子桶2): 1 个非空slot
行[1140] = (主桶380, 子桶0): 23 个非空slot
行[1141] = (主桶380, 子桶1): 9 个非空slot
行[1142] = (主桶380, 子桶2): 3 个非空slot
行[1143] = (主桶381, 子桶0): 17 个非空slot
行[1144] = (主桶381, 子桶1): 9 个非空slot
行[1145] = (主桶381, 子桶2): 1 个非空slot
行[1146] = (主桶382, 子桶0): 21 个非空slot
行[1147] = (主桶382, 子桶1): 7 个非空slot
行[1148] = (主桶382, 子桶2): 1 个非空slot
行[1149] = (主桶383, 子桶0): 23 个非空slot
行[1150] = (主桶383, 子桶1): 16 个非空slot
行[1151] = (主桶383, 子桶2): 0 个非空slot

总计: 40320 个slots, 12253 个非空
